2022-09-12 14:29:31,438 INFO o.f.e.i.t.PluggableFlowableExtension [main] No cached process engine found for test. Retrieving engine from flowable.cfg.xml.
2022-09-12 14:29:31,500 INFO o.s.t.c.s.AbstractTestContextBootstrapper [main] Neither @ContextConfiguration nor @ContextHierarchy found for test class [com.protools.flowableDemo.FlowablePocApplicationTests], using SpringBootContextLoader
2022-09-12 14:29:31,501 INFO o.s.t.c.s.AbstractContextLoader [main] Could not detect default resource locations for test class [com.protools.flowableDemo.FlowablePocApplicationTests]: no resource found for suffixes {-context.xml, Context.groovy}.
2022-09-12 14:29:31,501 INFO o.s.t.c.s.AnnotationConfigContextLoaderUtils [main] Could not detect default configuration classes for test class [com.protools.flowableDemo.FlowablePocApplicationTests]: FlowablePocApplicationTests does not declare any static, non-private, non-final, nested classes annotated with @Configuration.
2022-09-12 14:29:31,544 INFO o.s.b.t.c.SpringBootTestContextBootstrapper [main] Found @SpringBootConfiguration com.protools.flowableDemo.FlowablePocApplication for test class com.protools.flowableDemo.FlowablePocApplicationTests
2022-09-12 14:29:31,589 INFO o.s.t.c.s.AbstractTestContextBootstrapper [main] Loaded default TestExecutionListener class names from location [META-INF/spring.factories]: [org.springframework.boot.test.mock.mockito.MockitoTestExecutionListener, org.springframework.boot.test.mock.mockito.ResetMocksTestExecutionListener, org.springframework.boot.test.autoconfigure.restdocs.RestDocsTestExecutionListener, org.springframework.boot.test.autoconfigure.web.client.MockRestServiceServerResetTestExecutionListener, org.springframework.boot.test.autoconfigure.web.servlet.MockMvcPrintOnlyOnFailureTestExecutionListener, org.springframework.boot.test.autoconfigure.web.servlet.WebDriverTestExecutionListener, org.springframework.boot.test.autoconfigure.webservices.client.MockWebServiceServerTestExecutionListener, org.springframework.test.context.web.ServletTestExecutionListener, org.springframework.test.context.support.DirtiesContextBeforeModesTestExecutionListener, org.springframework.test.context.event.ApplicationEventsTestExecutionListener, org.springframework.test.context.support.DependencyInjectionTestExecutionListener, org.springframework.test.context.support.DirtiesContextTestExecutionListener, org.springframework.test.context.transaction.TransactionalTestExecutionListener, org.springframework.test.context.jdbc.SqlScriptsTestExecutionListener, org.springframework.test.context.event.EventPublishingTestExecutionListener]
2022-09-12 14:29:31,596 INFO o.s.t.c.s.AbstractTestContextBootstrapper [main] Using TestExecutionListeners: [org.springframework.test.context.web.ServletTestExecutionListener@757194dc, org.springframework.test.context.support.DirtiesContextBeforeModesTestExecutionListener@5a865416, org.springframework.test.context.event.ApplicationEventsTestExecutionListener@14faa38c, org.springframework.boot.test.mock.mockito.MockitoTestExecutionListener@7ff2b8d2, org.springframework.boot.test.autoconfigure.SpringBootDependencyInjectionTestExecutionListener@6dc1484, org.springframework.test.context.support.DirtiesContextTestExecutionListener@6e92c6ad, org.springframework.test.context.transaction.TransactionalTestExecutionListener@2fb5fe30, org.springframework.test.context.jdbc.SqlScriptsTestExecutionListener@456be73c, org.springframework.test.context.event.EventPublishingTestExecutionListener@2375b321, org.springframework.boot.test.mock.mockito.ResetMocksTestExecutionListener@5baaae4c, org.springframework.boot.test.autoconfigure.restdocs.RestDocsTestExecutionListener@5b6e8f77, org.springframework.boot.test.autoconfigure.web.client.MockRestServiceServerResetTestExecutionListener@41a6d121, org.springframework.boot.test.autoconfigure.web.servlet.MockMvcPrintOnlyOnFailureTestExecutionListener@4f449e8f, org.springframework.boot.test.autoconfigure.web.servlet.WebDriverTestExecutionListener@411291e5, org.springframework.boot.test.autoconfigure.webservices.client.MockWebServiceServerTestExecutionListener@6e28bb87]
2022-09-12 14:29:31,687 WARN o.s.b.t.j.DuplicateJsonObjectContextCustomizerFactory$DuplicateJsonObjectContextCustomizer [main] 

Found multiple occurrences of org.json.JSONObject on the class path:

	jar:file:/Users/mailinenguyen/.m2/repository/com/vaadin/external/google/android-json/0.0.20131108.vaadin1/android-json-0.0.20131108.vaadin1.jar!/org/json/JSONObject.class
	jar:file:/Users/mailinenguyen/.m2/repository/org/json/json/20220320/json-20220320.jar!/org/json/JSONObject.class

You may wish to exclude one of them to ensure predictable runtime behavior

2022-09-12 14:29:31,698 INFO m.p.s.DotenvPropertySource [main] Initializing Dotenv with DotenvConfig{directory=null, filename=null, ignoreIfMalformed=false, ignoreIfMissing=true, systemProperties=false, prefix=null}
2022-09-12 14:29:31,706 INFO o.s.b.StartupInfoLogger [main] Starting FlowablePocApplicationTests using Java 17.0.1 on Flying-Red-Panda.local with PID 50064 (started by mailinenguyen in /Users/mailinenguyen/Stage2022/POC Protools/flowablePOC)
2022-09-12 14:29:31,707 DEBUG o.s.b.StartupInfoLogger [main] Running with Spring Boot v2.6.7, Spring v5.3.19
2022-09-12 14:29:31,707 INFO o.s.b.SpringApplication [main] No active profile set, falling back to 1 default profile: "default"
2022-09-12 14:29:32,281 INFO o.s.d.r.c.RepositoryConfigurationDelegate [main] Bootstrapping Spring Data JPA repositories in DEFAULT mode.
2022-09-12 14:29:32,288 INFO o.s.d.r.c.RepositoryConfigurationDelegate [main] Finished Spring Data repository scanning in 4 ms. Found 0 JPA repository interfaces.
2022-09-12 14:29:32,492 INFO c.z.h.HikariDataSource [main] HikariPool-1 - Starting...
2022-09-12 14:29:32,564 INFO c.z.h.HikariDataSource [main] HikariPool-1 - Start completed.
2022-09-12 14:29:32,593 INFO o.h.j.i.u.LogHelper [main] HHH000204: Processing PersistenceUnitInfo [name: default]
2022-09-12 14:29:32,621 INFO o.h.Version [main] HHH000412: Hibernate ORM core version 5.6.8.Final
2022-09-12 14:29:32,713 INFO o.h.a.c.r.j.JavaReflectionManager [main] HCANN000001: Hibernate Commons Annotations {5.1.2.Final}
2022-09-12 14:29:32,773 INFO o.h.d.Dialect [main] HHH000400: Using dialect: org.hibernate.dialect.H2Dialect
2022-09-12 14:29:32,870 INFO o.h.e.t.j.p.i.JtaPlatformInitiator [main] HHH000490: Using JtaPlatform implementation: [org.hibernate.engine.transaction.jta.platform.internal.NoJtaPlatform]
2022-09-12 14:29:32,873 INFO o.s.o.j.AbstractEntityManagerFactoryBean [main] Initialized JPA EntityManagerFactory for persistence unit 'default'
2022-09-12 14:29:33,116 INFO o.f.s.b.AbstractEngineAutoConfiguration [main] No deployment resources were found for autodeployment
2022-09-12 14:29:33,176 INFO o.f.s.b.AbstractEngineAutoConfiguration [main] No deployment resources were found for autodeployment
2022-09-12 14:29:33,197 INFO o.f.s.b.AbstractEngineAutoConfiguration [main] No deployment resources were found for autodeployment
2022-09-12 14:29:33,421 INFO o.f.s.b.AbstractEngineAutoConfiguration [main] No deployment resources were found for autodeployment
2022-09-12 14:29:33,432 INFO o.f.c.e.i.AbstractEngineConfiguration [main] Found 7 Engine Configurators in total:
2022-09-12 14:29:33,432 INFO o.f.c.e.i.AbstractEngineConfiguration [main] class org.flowable.engine.spring.configurator.SpringProcessEngineConfigurator (priority:50000)
2022-09-12 14:29:33,432 INFO o.f.c.e.i.AbstractEngineConfiguration [main] class org.flowable.eventregistry.spring.configurator.SpringEventRegistryConfigurator (priority:100000)
2022-09-12 14:29:33,432 INFO o.f.c.e.i.AbstractEngineConfiguration [main] class org.flowable.idm.spring.configurator.SpringIdmEngineConfigurator (priority:150000)
2022-09-12 14:29:33,432 INFO o.f.c.e.i.AbstractEngineConfiguration [main] class org.flowable.dmn.spring.configurator.SpringDmnEngineConfigurator (priority:200000)
2022-09-12 14:29:33,433 INFO o.f.c.e.i.AbstractEngineConfiguration [main] class org.flowable.form.spring.configurator.SpringFormEngineConfigurator (priority:300000)
2022-09-12 14:29:33,433 INFO o.f.c.e.i.AbstractEngineConfiguration [main] class org.flowable.content.spring.configurator.SpringContentEngineConfigurator (priority:400000)
2022-09-12 14:29:33,433 INFO o.f.c.e.i.AbstractEngineConfiguration [main] class org.flowable.cmmn.spring.configurator.SpringCmmnEngineConfigurator (priority:500000)
2022-09-12 14:29:33,433 INFO o.f.c.e.i.AbstractEngineConfiguration [main] Executing beforeInit() of class org.flowable.engine.spring.configurator.SpringProcessEngineConfigurator (priority:50000)
2022-09-12 14:29:33,437 INFO o.f.c.e.i.AbstractEngineConfiguration [main] Executing beforeInit() of class org.flowable.eventregistry.spring.configurator.SpringEventRegistryConfigurator (priority:100000)
2022-09-12 14:29:33,438 INFO o.f.c.e.i.AbstractEngineConfiguration [main] Executing beforeInit() of class org.flowable.idm.spring.configurator.SpringIdmEngineConfigurator (priority:150000)
2022-09-12 14:29:33,440 INFO o.f.c.e.i.AbstractEngineConfiguration [main] Executing beforeInit() of class org.flowable.dmn.spring.configurator.SpringDmnEngineConfigurator (priority:200000)
2022-09-12 14:29:33,441 INFO o.f.c.e.i.AbstractEngineConfiguration [main] Executing beforeInit() of class org.flowable.form.spring.configurator.SpringFormEngineConfigurator (priority:300000)
2022-09-12 14:29:33,443 INFO o.f.c.e.i.AbstractEngineConfiguration [main] Executing beforeInit() of class org.flowable.content.spring.configurator.SpringContentEngineConfigurator (priority:400000)
2022-09-12 14:29:33,444 INFO o.f.c.e.i.AbstractEngineConfiguration [main] Executing beforeInit() of class org.flowable.cmmn.spring.configurator.SpringCmmnEngineConfigurator (priority:500000)
2022-09-12 14:29:33,944 INFO o.f.c.e.i.AbstractEngineConfiguration [main] Executing configure() of class org.flowable.engine.spring.configurator.SpringProcessEngineConfigurator (priority:50000)
2022-09-12 14:29:34,046 INFO o.f.c.e.i.d.AbstractSqlScriptBasedDbSchemaManager [main] performing create on common with resource org/flowable/common/db/create/flowable.h2.create.common.sql
2022-09-12 14:29:34,053 INFO o.f.c.e.i.d.AbstractSqlScriptBasedDbSchemaManager [main] performing create on identitylink with resource org/flowable/identitylink/service/db/create/flowable.h2.create.identitylink.sql
2022-09-12 14:29:34,055 INFO o.f.c.e.i.d.AbstractSqlScriptBasedDbSchemaManager [main] performing create on identitylink.history with resource org/flowable/identitylink/service/db/create/flowable.h2.create.identitylink.history.sql
2022-09-12 14:29:34,057 INFO o.f.c.e.i.d.AbstractSqlScriptBasedDbSchemaManager [main] performing create on entitylink with resource org/flowable/entitylink/service/db/create/flowable.h2.create.entitylink.sql
2022-09-12 14:29:34,060 INFO o.f.c.e.i.d.AbstractSqlScriptBasedDbSchemaManager [main] performing create on entitylink.history with resource org/flowable/entitylink/service/db/create/flowable.h2.create.entitylink.history.sql
2022-09-12 14:29:34,062 INFO o.f.c.e.i.d.AbstractSqlScriptBasedDbSchemaManager [main] performing create on eventsubscription with resource org/flowable/eventsubscription/service/db/create/flowable.h2.create.eventsubscription.sql
2022-09-12 14:29:34,064 INFO o.f.c.e.i.d.AbstractSqlScriptBasedDbSchemaManager [main] performing create on task with resource org/flowable/task/service/db/create/flowable.h2.create.task.sql
2022-09-12 14:29:34,066 INFO o.f.c.e.i.d.AbstractSqlScriptBasedDbSchemaManager [main] performing create on task.history with resource org/flowable/task/service/db/create/flowable.h2.create.task.history.sql
2022-09-12 14:29:34,071 INFO o.f.c.e.i.d.AbstractSqlScriptBasedDbSchemaManager [main] performing create on variable with resource org/flowable/variable/service/db/create/flowable.h2.create.variable.sql
2022-09-12 14:29:34,075 INFO o.f.c.e.i.d.AbstractSqlScriptBasedDbSchemaManager [main] performing create on variable.history with resource org/flowable/variable/service/db/create/flowable.h2.create.variable.history.sql
2022-09-12 14:29:34,077 INFO o.f.c.e.i.d.AbstractSqlScriptBasedDbSchemaManager [main] performing create on job with resource org/flowable/job/service/db/create/flowable.h2.create.job.sql
2022-09-12 14:29:34,091 INFO o.f.c.e.i.d.AbstractSqlScriptBasedDbSchemaManager [main] performing create on batch with resource org/flowable/batch/service/db/create/flowable.h2.create.batch.sql
2022-09-12 14:29:34,093 INFO o.f.c.e.i.d.AbstractSqlScriptBasedDbSchemaManager [main] performing create on engine with resource org/flowable/db/create/flowable.h2.create.engine.sql
2022-09-12 14:29:34,119 INFO o.f.c.e.i.d.AbstractSqlScriptBasedDbSchemaManager [main] performing create on history with resource org/flowable/db/create/flowable.h2.create.history.sql
2022-09-12 14:29:34,124 INFO o.f.e.i.ProcessEngineImpl [main] ProcessEngine default created
2022-09-12 14:29:34,145 INFO o.f.e.i.c.ValidateV5EntitiesCmd [main] Total of v5 deployments found: 0
2022-09-12 14:29:34,148 INFO o.f.c.e.i.AbstractEngineConfiguration [main] Executing configure() of class org.flowable.eventregistry.spring.configurator.SpringEventRegistryConfigurator (priority:100000)
2022-09-12 14:29:34,243 INFO l.l.c.JavaLogger [main] Set default schema name to PUBLIC
2022-09-12 14:29:34,325 INFO l.l.c.JavaLogger [main] Successfully acquired change log lock
2022-09-12 14:29:34,431 INFO l.l.c.JavaLogger [main] Creating database history table with name: PUBLIC.FLW_EV_DATABASECHANGELOG
2022-09-12 14:29:34,434 INFO l.l.c.JavaLogger [main] Reading from PUBLIC.FLW_EV_DATABASECHANGELOG
2022-09-12 14:29:34,482 INFO l.l.c.JavaLogger [main] Table FLW_EVENT_DEPLOYMENT created
2022-09-12 14:29:34,483 INFO l.l.c.JavaLogger [main] Table FLW_EVENT_RESOURCE created
2022-09-12 14:29:34,484 INFO l.l.c.JavaLogger [main] Table FLW_EVENT_DEFINITION created
2022-09-12 14:29:34,491 INFO l.l.c.JavaLogger [main] Index ACT_IDX_EVENT_DEF_UNIQ created
2022-09-12 14:29:34,493 INFO l.l.c.JavaLogger [main] Table FLW_CHANNEL_DEFINITION created
2022-09-12 14:29:34,493 INFO l.l.c.JavaLogger [main] Index ACT_IDX_CHANNEL_DEF_UNIQ created
2022-09-12 14:29:34,493 INFO l.l.c.JavaLogger [main] ChangeSet org/flowable/eventregistry/db/liquibase/flowable-eventregistry-db-changelog.xml::1::flowable ran successfully in 13ms
2022-09-12 14:29:34,502 INFO l.l.c.JavaLogger [main] Columns TYPE_(varchar(255)) added to FLW_CHANNEL_DEFINITION
2022-09-12 14:29:34,504 INFO l.l.c.JavaLogger [main] Columns IMPLEMENTATION_(varchar(255)) added to FLW_CHANNEL_DEFINITION
2022-09-12 14:29:34,510 INFO l.l.c.JavaLogger [main] ChangeSet org/flowable/eventregistry/db/liquibase/flowable-eventregistry-db-changelog.xml::2::flowable ran successfully in 13ms
2022-09-12 14:29:34,515 INFO l.l.c.JavaLogger [main] Set Channel Definition type and implementation columns
2022-09-12 14:29:34,515 INFO l.l.c.JavaLogger [main] ChangeSet org/flowable/eventregistry/db/liquibase/flowable-eventregistry-db-changelog.xml::3::flowable ran successfully in 4ms
2022-09-12 14:29:34,517 INFO l.l.c.JavaLogger [main] Successfully released change log lock
2022-09-12 14:29:34,517 INFO o.f.e.i.EventRegistryEngineImpl [main] EventRegistryEngine default created
2022-09-12 14:29:34,518 INFO o.f.c.e.i.AbstractEngineConfiguration [main] Executing configure() of class org.flowable.idm.spring.configurator.SpringIdmEngineConfigurator (priority:150000)
2022-09-12 14:29:34,524 INFO o.f.c.e.i.d.AbstractSqlScriptBasedDbSchemaManager [main] performing create on identity with resource org/flowable/idm/db/create/flowable.h2.create.identity.sql
2022-09-12 14:29:34,529 INFO o.f.i.e.i.IdmEngineImpl [main] IdmEngine default created
2022-09-12 14:29:34,530 INFO o.f.c.e.i.AbstractEngineConfiguration [main] Executing configure() of class org.flowable.dmn.spring.configurator.SpringDmnEngineConfigurator (priority:200000)
2022-09-12 14:29:34,538 INFO l.l.c.JavaLogger [main] Set default schema name to PUBLIC
2022-09-12 14:29:34,541 INFO l.l.c.JavaLogger [main] Successfully acquired change log lock
2022-09-12 14:29:34,552 INFO l.l.c.JavaLogger [main] Creating database history table with name: PUBLIC.ACT_DMN_DATABASECHANGELOG
2022-09-12 14:29:34,553 INFO l.l.c.JavaLogger [main] Reading from PUBLIC.ACT_DMN_DATABASECHANGELOG
2022-09-12 14:29:34,575 INFO l.l.c.JavaLogger [main] Table ACT_DMN_DEPLOYMENT created
2022-09-12 14:29:34,576 INFO l.l.c.JavaLogger [main] Table ACT_DMN_DEPLOYMENT_RESOURCE created
2022-09-12 14:29:34,576 INFO l.l.c.JavaLogger [main] Table ACT_DMN_DECISION_TABLE created
2022-09-12 14:29:34,577 INFO l.l.c.JavaLogger [main] ChangeSet org/flowable/dmn/db/liquibase/flowable-dmn-db-changelog.xml::1::activiti ran successfully in 2ms
2022-09-12 14:29:34,579 INFO l.l.c.JavaLogger [main] Table ACT_DMN_HI_DECISION_EXECUTION created
2022-09-12 14:29:34,579 INFO l.l.c.JavaLogger [main] ChangeSet org/flowable/dmn/db/liquibase/flowable-dmn-db-changelog.xml::2::flowable ran successfully in 1ms
2022-09-12 14:29:34,582 INFO l.l.c.JavaLogger [main] Columns SCOPE_TYPE_(varchar(255)) added to ACT_DMN_HI_DECISION_EXECUTION
2022-09-12 14:29:34,583 INFO l.l.c.JavaLogger [main] ChangeSet org/flowable/dmn/db/liquibase/flowable-dmn-db-changelog.xml::3::flowable ran successfully in 2ms
2022-09-12 14:29:34,586 INFO l.l.c.JavaLogger [main] Column ACT_DMN_DECISION_TABLE.PARENT_DEPLOYMENT_ID_ dropped
2022-09-12 14:29:34,586 INFO l.l.c.JavaLogger [main] ChangeSet org/flowable/dmn/db/liquibase/flowable-dmn-db-changelog.xml::4::flowable ran successfully in 2ms
2022-09-12 14:29:34,587 INFO l.l.c.JavaLogger [main] Index ACT_IDX_DEC_TBL_UNIQ created
2022-09-12 14:29:34,587 INFO l.l.c.JavaLogger [main] ChangeSet org/flowable/dmn/db/liquibase/flowable-dmn-db-changelog.xml::6::flowable ran successfully in 0ms
2022-09-12 14:29:34,589 INFO l.l.c.JavaLogger [main] Index ACT_IDX_DEC_TBL_UNIQ dropped from table ACT_DMN_DECISION_TABLE
2022-09-12 14:29:34,589 INFO l.l.c.JavaLogger [main] Table ACT_DMN_DECISION_TABLE renamed to ACT_DMN_DECISION
2022-09-12 14:29:34,590 INFO l.l.c.JavaLogger [main] Index ACT_IDX_DMN_DEC_UNIQ created
2022-09-12 14:29:34,590 INFO l.l.c.JavaLogger [main] ChangeSet org/flowable/dmn/db/liquibase/flowable-dmn-db-changelog.xml::7::flowable ran successfully in 2ms
2022-09-12 14:29:34,592 INFO l.l.c.JavaLogger [main] Columns DECISION_TYPE_(varchar(255)) added to ACT_DMN_DECISION
2022-09-12 14:29:34,592 INFO l.l.c.JavaLogger [main] ChangeSet org/flowable/dmn/db/liquibase/flowable-dmn-db-changelog.xml::8::flowable ran successfully in 1ms
2022-09-12 14:29:34,593 INFO l.l.c.JavaLogger [main] Successfully released change log lock
2022-09-12 14:29:34,594 INFO o.f.d.e.i.DmnEngineImpl [main] DmnEngine default created
2022-09-12 14:29:34,594 INFO o.f.c.e.i.AbstractEngineConfiguration [main] Executing configure() of class org.flowable.form.spring.configurator.SpringFormEngineConfigurator (priority:300000)
2022-09-12 14:29:34,598 INFO l.l.c.JavaLogger [main] Set default schema name to PUBLIC
2022-09-12 14:29:34,601 INFO l.l.c.JavaLogger [main] Successfully acquired change log lock
2022-09-12 14:29:34,609 INFO l.l.c.JavaLogger [main] Creating database history table with name: PUBLIC.ACT_FO_DATABASECHANGELOG
2022-09-12 14:29:34,610 INFO l.l.c.JavaLogger [main] Reading from PUBLIC.ACT_FO_DATABASECHANGELOG
2022-09-12 14:29:34,616 INFO l.l.c.JavaLogger [main] Table ACT_FO_FORM_DEPLOYMENT created
2022-09-12 14:29:34,616 INFO l.l.c.JavaLogger [main] Table ACT_FO_FORM_RESOURCE created
2022-09-12 14:29:34,617 INFO l.l.c.JavaLogger [main] Table ACT_FO_FORM_DEFINITION created
2022-09-12 14:29:34,618 INFO l.l.c.JavaLogger [main] Table ACT_FO_FORM_INSTANCE created
2022-09-12 14:29:34,618 INFO l.l.c.JavaLogger [main] ChangeSet org/flowable/form/db/liquibase/flowable-form-db-changelog.xml::1::activiti ran successfully in 3ms
2022-09-12 14:29:34,622 INFO l.l.c.JavaLogger [main] Columns SCOPE_ID_(varchar(255)),SCOPE_TYPE_(varchar(255)),SCOPE_DEFINITION_ID_(varchar(255)) added to ACT_FO_FORM_INSTANCE
2022-09-12 14:29:34,622 INFO l.l.c.JavaLogger [main] ChangeSet org/flowable/form/db/liquibase/flowable-form-db-changelog.xml::2::flowable ran successfully in 3ms
2022-09-12 14:29:34,624 INFO l.l.c.JavaLogger [main] Column ACT_FO_FORM_DEFINITION.PARENT_DEPLOYMENT_ID_ dropped
2022-09-12 14:29:34,624 INFO l.l.c.JavaLogger [main] ChangeSet org/flowable/form/db/liquibase/flowable-form-db-changelog.xml::3::flowable ran successfully in 1ms
2022-09-12 14:29:34,625 INFO l.l.c.JavaLogger [main] Index ACT_IDX_FORM_DEF_UNIQ created
2022-09-12 14:29:34,625 INFO l.l.c.JavaLogger [main] ChangeSet org/flowable/form/db/liquibase/flowable-form-db-changelog.xml::5::flowable ran successfully in 1ms
2022-09-12 14:29:34,626 INFO l.l.c.JavaLogger [main] Index ACT_IDX_FORM_TASK created
2022-09-12 14:29:34,626 INFO l.l.c.JavaLogger [main] Index ACT_IDX_FORM_PROC created
2022-09-12 14:29:34,627 INFO l.l.c.JavaLogger [main] Index ACT_IDX_FORM_SCOPE created
2022-09-12 14:29:34,627 INFO l.l.c.JavaLogger [main] ChangeSet org/flowable/form/db/liquibase/flowable-form-db-changelog.xml::6::flowable ran successfully in 1ms
2022-09-12 14:29:34,628 INFO l.l.c.JavaLogger [main] Successfully released change log lock
2022-09-12 14:29:34,628 INFO o.f.f.e.i.FormEngineImpl [main] FormEngine default created
2022-09-12 14:29:34,629 INFO o.f.c.e.i.AbstractEngineConfiguration [main] Executing configure() of class org.flowable.content.spring.configurator.SpringContentEngineConfigurator (priority:400000)
2022-09-12 14:29:34,630 INFO o.f.c.e.ContentEngineConfiguration [main] Content file system root : /Users/mailinenguyen/content
2022-09-12 14:29:34,633 INFO l.l.c.JavaLogger [main] Set default schema name to PUBLIC
2022-09-12 14:29:34,635 INFO l.l.c.JavaLogger [main] Successfully acquired change log lock
2022-09-12 14:29:34,643 INFO l.l.c.JavaLogger [main] Creating database history table with name: PUBLIC.ACT_CO_DATABASECHANGELOG
2022-09-12 14:29:34,644 INFO l.l.c.JavaLogger [main] Reading from PUBLIC.ACT_CO_DATABASECHANGELOG
2022-09-12 14:29:34,649 INFO l.l.c.JavaLogger [main] Table ACT_CO_CONTENT_ITEM created
2022-09-12 14:29:34,650 INFO l.l.c.JavaLogger [main] Index idx_contitem_taskid created
2022-09-12 14:29:34,650 INFO l.l.c.JavaLogger [main] Index idx_contitem_procid created
2022-09-12 14:29:34,650 INFO l.l.c.JavaLogger [main] ChangeSet org/flowable/content/db/liquibase/flowable-content-db-changelog.xml::1::activiti ran successfully in 3ms
2022-09-12 14:29:34,654 INFO l.l.c.JavaLogger [main] Columns SCOPE_ID_(varchar(255)),SCOPE_TYPE_(varchar(255)) added to ACT_CO_CONTENT_ITEM
2022-09-12 14:29:34,654 INFO l.l.c.JavaLogger [main] Index idx_contitem_scope created
2022-09-12 14:29:34,655 INFO l.l.c.JavaLogger [main] ChangeSet org/flowable/content/db/liquibase/flowable-content-db-changelog.xml::2::flowable ran successfully in 3ms
2022-09-12 14:29:34,656 INFO l.l.c.JavaLogger [main] Successfully released change log lock
2022-09-12 14:29:34,656 INFO o.f.c.e.i.ContentEngineImpl [main] ContentEngine default created
2022-09-12 14:29:34,657 INFO o.f.c.e.i.AbstractEngineConfiguration [main] Executing configure() of class org.flowable.cmmn.spring.configurator.SpringCmmnEngineConfigurator (priority:500000)
2022-09-12 14:29:34,694 INFO l.l.c.JavaLogger [main] Set default schema name to PUBLIC
2022-09-12 14:29:34,696 INFO l.l.c.JavaLogger [main] Successfully acquired change log lock
2022-09-12 14:29:34,709 INFO l.l.c.JavaLogger [main] Creating database history table with name: PUBLIC.ACT_CMMN_DATABASECHANGELOG
2022-09-12 14:29:34,710 INFO l.l.c.JavaLogger [main] Reading from PUBLIC.ACT_CMMN_DATABASECHANGELOG
2022-09-12 14:29:34,733 INFO l.l.c.JavaLogger [main] Table ACT_CMMN_DEPLOYMENT created
2022-09-12 14:29:34,734 INFO l.l.c.JavaLogger [main] Table ACT_CMMN_DEPLOYMENT_RESOURCE created
2022-09-12 14:29:34,735 INFO l.l.c.JavaLogger [main] Foreign key constraint added to ACT_CMMN_DEPLOYMENT_RESOURCE (DEPLOYMENT_ID_)
2022-09-12 14:29:34,736 INFO l.l.c.JavaLogger [main] Index ACT_IDX_CMMN_RSRC_DPL created
2022-09-12 14:29:34,736 INFO l.l.c.JavaLogger [main] Table ACT_CMMN_CASEDEF created
2022-09-12 14:29:34,737 INFO l.l.c.JavaLogger [main] Foreign key constraint added to ACT_CMMN_CASEDEF (DEPLOYMENT_ID_)
2022-09-12 14:29:34,737 INFO l.l.c.JavaLogger [main] Index ACT_IDX_CASE_DEF_DPLY created
2022-09-12 14:29:34,738 INFO l.l.c.JavaLogger [main] Table ACT_CMMN_RU_CASE_INST created
2022-09-12 14:29:34,739 INFO l.l.c.JavaLogger [main] Foreign key constraint added to ACT_CMMN_RU_CASE_INST (CASE_DEF_ID_)
2022-09-12 14:29:34,740 INFO l.l.c.JavaLogger [main] Index ACT_IDX_CASE_INST_CASE_DEF created
2022-09-12 14:29:34,740 INFO l.l.c.JavaLogger [main] Index ACT_IDX_CASE_INST_PARENT created
2022-09-12 14:29:34,741 INFO l.l.c.JavaLogger [main] Table ACT_CMMN_RU_PLAN_ITEM_INST created
2022-09-12 14:29:34,741 INFO l.l.c.JavaLogger [main] Foreign key constraint added to ACT_CMMN_RU_PLAN_ITEM_INST (CASE_DEF_ID_)
2022-09-12 14:29:34,741 INFO l.l.c.JavaLogger [main] Index ACT_IDX_PLAN_ITEM_CASE_DEF created
2022-09-12 14:29:34,742 INFO l.l.c.JavaLogger [main] Foreign key constraint added to ACT_CMMN_RU_PLAN_ITEM_INST (CASE_INST_ID_)
2022-09-12 14:29:34,742 INFO l.l.c.JavaLogger [main] Index ACT_IDX_PLAN_ITEM_CASE_INST created
2022-09-12 14:29:34,743 INFO l.l.c.JavaLogger [main] Table ACT_CMMN_RU_SENTRY_PART_INST created
2022-09-12 14:29:34,744 INFO l.l.c.JavaLogger [main] Foreign key constraint added to ACT_CMMN_RU_SENTRY_PART_INST (CASE_DEF_ID_)
2022-09-12 14:29:34,744 INFO l.l.c.JavaLogger [main] Index ACT_IDX_SENTRY_CASE_DEF created
2022-09-12 14:29:34,744 INFO l.l.c.JavaLogger [main] Foreign key constraint added to ACT_CMMN_RU_SENTRY_PART_INST (CASE_INST_ID_)
2022-09-12 14:29:34,745 INFO l.l.c.JavaLogger [main] Index ACT_IDX_SENTRY_CASE_INST created
2022-09-12 14:29:34,745 INFO l.l.c.JavaLogger [main] Foreign key constraint added to ACT_CMMN_RU_SENTRY_PART_INST (PLAN_ITEM_INST_ID_)
2022-09-12 14:29:34,746 INFO l.l.c.JavaLogger [main] Index ACT_IDX_SENTRY_PLAN_ITEM created
2022-09-12 14:29:34,746 INFO l.l.c.JavaLogger [main] Table ACT_CMMN_RU_MIL_INST created
2022-09-12 14:29:34,747 INFO l.l.c.JavaLogger [main] Foreign key constraint added to ACT_CMMN_RU_MIL_INST (CASE_DEF_ID_)
2022-09-12 14:29:34,747 INFO l.l.c.JavaLogger [main] Index ACT_IDX_MIL_CASE_DEF created
2022-09-12 14:29:34,748 INFO l.l.c.JavaLogger [main] Foreign key constraint added to ACT_CMMN_RU_MIL_INST (CASE_INST_ID_)
2022-09-12 14:29:34,748 INFO l.l.c.JavaLogger [main] Index ACT_IDX_MIL_CASE_INST created
2022-09-12 14:29:34,749 INFO l.l.c.JavaLogger [main] Table ACT_CMMN_HI_CASE_INST created
2022-09-12 14:29:34,749 INFO l.l.c.JavaLogger [main] Table ACT_CMMN_HI_MIL_INST created
2022-09-12 14:29:34,750 INFO l.l.c.JavaLogger [main] ChangeSet org/flowable/cmmn/db/liquibase/flowable-cmmn-db-changelog.xml::1::flowable ran successfully in 18ms
2022-09-12 14:29:34,754 INFO l.l.c.JavaLogger [main] Columns DGRM_RESOURCE_NAME_(varchar(4000)),HAS_START_FORM_KEY_(boolean) added to ACT_CMMN_CASEDEF
2022-09-12 14:29:34,755 INFO l.l.c.JavaLogger [main] Columns GENERATED_(boolean) added to ACT_CMMN_DEPLOYMENT_RESOURCE
2022-09-12 14:29:34,757 INFO l.l.c.JavaLogger [main] Columns LOCK_TIME_(datetime) added to ACT_CMMN_RU_CASE_INST
2022-09-12 14:29:34,760 INFO l.l.c.JavaLogger [main] Columns ITEM_DEFINITION_ID_(varchar(255)),ITEM_DEFINITION_TYPE_(varchar(255)) added to ACT_CMMN_RU_PLAN_ITEM_INST
2022-09-12 14:29:34,760 INFO l.l.c.JavaLogger [main] ChangeSet org/flowable/cmmn/db/liquibase/flowable-cmmn-db-changelog.xml::2::flowable ran successfully in 9ms
2022-09-12 14:29:34,762 INFO l.l.c.JavaLogger [main] Columns IS_COMPLETEABLE_(boolean) added to ACT_CMMN_RU_PLAN_ITEM_INST
2022-09-12 14:29:34,764 INFO l.l.c.JavaLogger [main] Columns IS_COMPLETEABLE_(boolean) added to ACT_CMMN_RU_CASE_INST
2022-09-12 14:29:34,764 INFO l.l.c.JavaLogger [main] Index ACT_IDX_PLAN_ITEM_STAGE_INST created
2022-09-12 14:29:34,766 INFO l.l.c.JavaLogger [main] Columns IS_COUNT_ENABLED_(boolean) added to ACT_CMMN_RU_PLAN_ITEM_INST
2022-09-12 14:29:34,767 INFO l.l.c.JavaLogger [main] Columns VAR_COUNT_(integer) added to ACT_CMMN_RU_PLAN_ITEM_INST
2022-09-12 14:29:34,769 INFO l.l.c.JavaLogger [main] Columns SENTRY_PART_INST_COUNT_(integer) added to ACT_CMMN_RU_PLAN_ITEM_INST
2022-09-12 14:29:34,769 INFO l.l.c.JavaLogger [main] ChangeSet org/flowable/cmmn/db/liquibase/flowable-cmmn-db-changelog.xml::3::flowable ran successfully in 8ms
2022-09-12 14:29:34,771 INFO l.l.c.JavaLogger [main] Table ACT_CMMN_HI_PLAN_ITEM_INST created
2022-09-12 14:29:34,772 INFO l.l.c.JavaLogger [main] Columns TENANT_ID_(varchar(255)) added to ACT_CMMN_RU_MIL_INST
2022-09-12 14:29:34,773 INFO l.l.c.JavaLogger [main] Columns TENANT_ID_(varchar(255)) added to ACT_CMMN_HI_MIL_INST
2022-09-12 14:29:34,773 INFO l.l.c.JavaLogger [main] ChangeSet org/flowable/cmmn/db/liquibase/flowable-cmmn-db-changelog.xml::4::flowable ran successfully in 3ms
2022-09-12 14:29:34,774 INFO l.l.c.JavaLogger [main] Index ACT_IDX_CASE_DEF_UNIQ created
2022-09-12 14:29:34,774 INFO l.l.c.JavaLogger [main] ChangeSet org/flowable/cmmn/db/liquibase/flowable-cmmn-db-changelog.xml::6::flowable ran successfully in 0ms
2022-09-12 14:29:34,775 INFO l.l.c.JavaLogger [main] Column ACT_CMMN_RU_PLAN_ITEM_INST.START_TIME_ renamed to CREATE_TIME_
2022-09-12 14:29:34,776 INFO l.l.c.JavaLogger [main] Column ACT_CMMN_HI_PLAN_ITEM_INST.CREATED_TIME_ renamed to CREATE_TIME_
2022-09-12 14:29:34,796 INFO l.l.c.JavaLogger [main] Columns LAST_AVAILABLE_TIME_(datetime(3)),LAST_ENABLED_TIME_(datetime(3)),LAST_DISABLED_TIME_(datetime(3)),LAST_STARTED_TIME_(datetime(3)),LAST_SUSPENDED_TIME_(datetime(3)),COMPLETED_TIME_(datetime(3)),OCCURRED_TIME_(datetime(3)),TERMINATED_TIME_(datetime(3)),EXIT_TIME_(datetime(3)),ENDED_TIME_(datetime(3)),ENTRY_CRITERION_ID_(varchar(255)),EXIT_CRITERION_ID_(varchar(255)) added to ACT_CMMN_RU_PLAN_ITEM_INST
2022-09-12 14:29:34,798 INFO l.l.c.JavaLogger [main] Columns ENTRY_CRITERION_ID_(varchar(255)),EXIT_CRITERION_ID_(varchar(255)) added to ACT_CMMN_HI_PLAN_ITEM_INST
2022-09-12 14:29:34,798 INFO l.l.c.JavaLogger [main] ChangeSet org/flowable/cmmn/db/liquibase/flowable-cmmn-db-changelog.xml::7::flowable ran successfully in 23ms
2022-09-12 14:29:34,799 INFO l.l.c.JavaLogger [main] Columns SHOW_IN_OVERVIEW_(boolean) added to ACT_CMMN_HI_PLAN_ITEM_INST
2022-09-12 14:29:34,799 INFO l.l.c.JavaLogger [main] ChangeSet org/flowable/cmmn/db/liquibase/flowable-cmmn-db-changelog.xml::8::flowable ran successfully in 1ms
2022-09-12 14:29:34,801 INFO l.l.c.JavaLogger [main] Columns EXTRA_VALUE_(varchar(255)) added to ACT_CMMN_RU_PLAN_ITEM_INST
2022-09-12 14:29:34,802 INFO l.l.c.JavaLogger [main] Columns EXTRA_VALUE_(varchar(255)) added to ACT_CMMN_HI_PLAN_ITEM_INST
2022-09-12 14:29:34,803 INFO l.l.c.JavaLogger [main] ChangeSet org/flowable/cmmn/db/liquibase/flowable-cmmn-db-changelog.xml::9::flowable ran successfully in 3ms
2022-09-12 14:29:34,804 INFO l.l.c.JavaLogger [main] Columns REFERENCE_ID_(varchar(255)) added to ACT_CMMN_RU_CASE_INST
2022-09-12 14:29:34,806 INFO l.l.c.JavaLogger [main] Columns REFERENCE_TYPE_(varchar(255)) added to ACT_CMMN_RU_CASE_INST
2022-09-12 14:29:34,806 INFO l.l.c.JavaLogger [main] Index ACT_IDX_CASE_INST_REF_ID_ created
2022-09-12 14:29:34,807 INFO l.l.c.JavaLogger [main] Columns REFERENCE_ID_(varchar(255)) added to ACT_CMMN_HI_CASE_INST
2022-09-12 14:29:34,808 INFO l.l.c.JavaLogger [main] Columns REFERENCE_TYPE_(varchar(255)) added to ACT_CMMN_HI_CASE_INST
2022-09-12 14:29:34,808 INFO l.l.c.JavaLogger [main] ChangeSet org/flowable/cmmn/db/liquibase/flowable-cmmn-db-changelog.xml::10::flowable ran successfully in 5ms
2022-09-12 14:29:34,810 INFO l.l.c.JavaLogger [main] Columns DERIVED_CASE_DEF_ID_(varchar(255)) added to ACT_CMMN_RU_PLAN_ITEM_INST
2022-09-12 14:29:34,811 INFO l.l.c.JavaLogger [main] Columns DERIVED_CASE_DEF_ID_(varchar(255)) added to ACT_CMMN_HI_PLAN_ITEM_INST
2022-09-12 14:29:34,811 INFO l.l.c.JavaLogger [main] ChangeSet org/flowable/cmmn/db/liquibase/flowable-cmmn-db-changelog.xml::11::flowable ran successfully in 2ms
2022-09-12 14:29:34,813 INFO l.l.c.JavaLogger [main] Columns LOCK_OWNER_(varchar(255)) added to ACT_CMMN_RU_CASE_INST
2022-09-12 14:29:34,814 INFO l.l.c.JavaLogger [main] ChangeSet org/flowable/cmmn/db/liquibase/flowable-cmmn-db-changelog.xml::12::flowable ran successfully in 1ms
2022-09-12 14:29:34,816 INFO l.l.c.JavaLogger [main] Columns LAST_UNAVAILABLE_TIME_(datetime(3)) added to ACT_CMMN_RU_PLAN_ITEM_INST
2022-09-12 14:29:34,817 INFO l.l.c.JavaLogger [main] Columns LAST_UNAVAILABLE_TIME_(datetime(3)) added to ACT_CMMN_HI_PLAN_ITEM_INST
2022-09-12 14:29:34,817 INFO l.l.c.JavaLogger [main] ChangeSet org/flowable/cmmn/db/liquibase/flowable-cmmn-db-changelog.xml::13::flowable ran successfully in 3ms
2022-09-12 14:29:34,820 INFO l.l.c.JavaLogger [main] Columns LAST_REACTIVATION_TIME_(datetime(3)),LAST_REACTIVATION_USER_ID_(varchar(255)) added to ACT_CMMN_RU_CASE_INST
2022-09-12 14:29:34,822 INFO l.l.c.JavaLogger [main] Columns LAST_REACTIVATION_TIME_(datetime(3)),LAST_REACTIVATION_USER_ID_(varchar(255)) added to ACT_CMMN_HI_CASE_INST
2022-09-12 14:29:34,822 INFO l.l.c.JavaLogger [main] ChangeSet org/flowable/cmmn/db/liquibase/flowable-cmmn-db-changelog.xml::14::flowable ran successfully in 5ms
2022-09-12 14:29:34,824 INFO l.l.c.JavaLogger [main] Columns BUSINESS_STATUS_(varchar(255)) added to ACT_CMMN_RU_CASE_INST
2022-09-12 14:29:34,825 INFO l.l.c.JavaLogger [main] Columns BUSINESS_STATUS_(varchar(255)) added to ACT_CMMN_HI_CASE_INST
2022-09-12 14:29:34,825 INFO l.l.c.JavaLogger [main] ChangeSet org/flowable/cmmn/db/liquibase/flowable-cmmn-db-changelog.xml::16::flowable ran successfully in 3ms
2022-09-12 14:29:34,825 INFO l.l.c.JavaLogger [main] Successfully released change log lock
2022-09-12 14:29:34,826 INFO o.f.c.e.i.CmmnEngineImpl [main] CmmnEngine default created
2022-09-12 14:29:34,831 INFO l.l.c.JavaLogger [main] Set default schema name to PUBLIC
2022-09-12 14:29:34,832 INFO l.l.c.JavaLogger [main] Successfully acquired change log lock
2022-09-12 14:29:34,838 INFO l.l.c.JavaLogger [main] Creating database history table with name: PUBLIC.ACT_APP_DATABASECHANGELOG
2022-09-12 14:29:34,839 INFO l.l.c.JavaLogger [main] Reading from PUBLIC.ACT_APP_DATABASECHANGELOG
2022-09-12 14:29:34,842 INFO l.l.c.JavaLogger [main] Table ACT_APP_DEPLOYMENT created
2022-09-12 14:29:34,843 INFO l.l.c.JavaLogger [main] Table ACT_APP_DEPLOYMENT_RESOURCE created
2022-09-12 14:29:34,843 INFO l.l.c.JavaLogger [main] Foreign key constraint added to ACT_APP_DEPLOYMENT_RESOURCE (DEPLOYMENT_ID_)
2022-09-12 14:29:34,844 INFO l.l.c.JavaLogger [main] Index ACT_IDX_APP_RSRC_DPL created
2022-09-12 14:29:34,845 INFO l.l.c.JavaLogger [main] Table ACT_APP_APPDEF created
2022-09-12 14:29:34,846 INFO l.l.c.JavaLogger [main] Foreign key constraint added to ACT_APP_APPDEF (DEPLOYMENT_ID_)
2022-09-12 14:29:34,846 INFO l.l.c.JavaLogger [main] Index ACT_IDX_APP_DEF_DPLY created
2022-09-12 14:29:34,846 INFO l.l.c.JavaLogger [main] ChangeSet org/flowable/app/db/liquibase/flowable-app-db-changelog.xml::1::flowable ran successfully in 5ms
2022-09-12 14:29:34,847 INFO l.l.c.JavaLogger [main] Index ACT_IDX_APP_DEF_UNIQ created
2022-09-12 14:29:34,847 INFO l.l.c.JavaLogger [main] ChangeSet org/flowable/app/db/liquibase/flowable-app-db-changelog.xml::3::flowable ran successfully in 0ms
2022-09-12 14:29:34,848 INFO l.l.c.JavaLogger [main] Successfully released change log lock
2022-09-12 14:29:34,848 INFO o.f.a.e.i.AppEngineImpl [main] AppEngine default created
2022-09-12 14:29:35,004 WARN o.s.b.a.o.j.JpaBaseConfiguration$JpaWebConfiguration [main] spring.jpa.open-in-view is enabled by default. Therefore, database queries may be performed during view rendering. Explicitly configure spring.jpa.open-in-view to disable this warning
2022-09-12 14:29:35,116 INFO o.s.b.a.h.H2ConsoleAutoConfiguration [main] H2 console available at '/h2-console'. Database available at 'jdbc:h2:mem:flowable'
2022-09-12 14:29:35,848 INFO o.s.b.a.e.w.EndpointLinksResolver [main] Exposing 14 endpoint(s) beneath base path '/actuator'
2022-09-12 14:29:35,891 INFO o.f.c.s.CommonAutoDeploymentStrategy [main] Deploying resources [file [/Users/mailinenguyen/Stage2022/POC Protools/flowablePOC/target/classes/eventregistry/event-one.event], file [/Users/mailinenguyen/Stage2022/POC Protools/flowablePOC/target/classes/eventregistry/inbound.channel], file [/Users/mailinenguyen/Stage2022/POC Protools/flowablePOC/target/classes/eventregistry/outbound.channel]] for engine org.flowable.eventregistry.impl.EventRegistryEngineImpl@7802fc4e deployment name hint SpringBootAutoDeployment
2022-09-12 14:29:35,924 INFO o.f.e.s.r.RabbitChannelDefinitionProcessor [main] Starting to unregister channel testChannel in tenant 
2022-09-12 14:29:35,924 INFO o.f.e.s.r.RabbitChannelDefinitionProcessor [main] Finished unregistering channel testChannel in tenant 
2022-09-12 14:29:35,924 INFO o.f.e.s.r.RabbitChannelDefinitionProcessor [main] Starting to register inbound channel testChannel in tenant 
2022-09-12 14:29:35,925 INFO o.f.e.s.r.RabbitChannelDefinitionProcessor [main] Registering endpoint SimpleRabbitListenerEndpoint[org.flowable.eventregistry.rabbit.ChannelRabbitListenerEndpointContainer#testChannel] queues=[]' | queueNames='[flowable-inbound]' | exclusive='false' | priority='null' | admin='null' | messageListener='org.flowable.eventregistry.spring.rabbit.RabbitChannelMessageListenerAdapter@27cfc534' with start immediately false
2022-09-12 14:29:35,932 INFO o.f.e.s.r.RabbitChannelDefinitionProcessor [main] Finished registering endpoint SimpleRabbitListenerEndpoint[org.flowable.eventregistry.rabbit.ChannelRabbitListenerEndpointContainer#testChannel] queues=[]' | queueNames='[flowable-inbound]' | exclusive='false' | priority='null' | admin='null' | messageListener='org.flowable.eventregistry.spring.rabbit.RabbitChannelMessageListenerAdapter@27cfc534'
2022-09-12 14:29:35,932 INFO o.f.e.s.r.RabbitChannelDefinitionProcessor [main] Finished registering inbound channel testChannel in tenant 
2022-09-12 14:29:35,933 INFO o.f.e.s.r.RabbitChannelDefinitionProcessor [main] Starting to unregister channel outboundCustomer in tenant 
2022-09-12 14:29:35,933 INFO o.f.e.s.r.RabbitChannelDefinitionProcessor [main] Finished unregistering channel outboundCustomer in tenant 
2022-09-12 14:29:35,933 INFO o.f.e.s.r.RabbitChannelDefinitionProcessor [main] Starting to register outbound channel outboundCustomer in tenant 
2022-09-12 14:29:35,933 INFO o.f.e.s.r.RabbitChannelDefinitionProcessor [main] Finished registering outbound channel outboundCustomer in tenant 
2022-09-12 14:29:35,939 INFO o.f.j.s.i.a.AbstractAsyncExecutor [main] Starting up the async job executor [org.flowable.spring.job.service.SpringAsyncExecutor] for engine cmmn
2022-09-12 14:29:35,943 INFO o.f.j.s.i.a.ResetExpiredJobsRunnable [Thread-4] starting to reset expired jobs for engine cmmn
2022-09-12 14:29:35,943 INFO o.f.j.s.i.a.AbstractAsyncExecutor [main] Starting up the async job executor [org.flowable.spring.job.service.SpringAsyncExecutor] for engine bpmn
2022-09-12 14:29:35,943 INFO o.f.j.s.i.a.AcquireAsyncJobsDueRunnable [Thread-2] starting to acquire async jobs due for engine cmmn
2022-09-12 14:29:35,943 INFO o.f.j.s.i.a.AcquireTimerJobsRunnable [Thread-3] starting to acquire async jobs due for engine cmmn
2022-09-12 14:29:35,944 INFO o.f.j.s.i.a.AcquireAsyncJobsDueRunnable [Thread-5] starting to acquire async jobs due for engine bpmn
2022-09-12 14:29:35,944 INFO o.f.j.s.i.a.AcquireTimerJobsRunnable [Thread-6] starting to acquire async jobs due for engine bpmn
2022-09-12 14:29:35,944 INFO o.f.j.s.i.a.ResetExpiredJobsRunnable [Thread-7] starting to reset expired jobs for engine bpmn
2022-09-12 14:29:35,944 INFO o.f.c.s.CommonAutoDeploymentStrategy [main] Deploying resources [file [/Users/mailinenguyen/Stage2022/POC Protools/flowablePOC/target/classes/processes/EnqueteFamille.bpmn20.xml], file [/Users/mailinenguyen/Stage2022/POC Protools/flowablePOC/target/classes/processes/TestPQVWithMessages.bpmn20.xml], file [/Users/mailinenguyen/Stage2022/POC Protools/flowablePOC/target/classes/processes/TestPQVWoMessages.bpmn20.xml], file [/Users/mailinenguyen/Stage2022/POC Protools/flowablePOC/target/classes/processes/casUsageTest.bpmn20.xml]] for engine org.flowable.engine.impl.ProcessEngineImpl@cea6297 deployment name hint SpringBootAutoDeployment
2022-09-12 14:29:36,006 WARN o.f.e.i.b.p.BpmnParse [main] Following warnings encountered during process validation: [Validation set: 'flowable-executable-process' | Problem: 'flowable-di-does-not-reference-flownode'] : Invalid reference in diagram interchange definition: BDDCampagne does not reference a flow node - [Extra info : id = BDDCampagne |  | activityName = campagne | ] ( line: 48, column: 58)
[Validation set: 'flowable-executable-process' | Problem: 'flowable-di-does-not-reference-flownode'] : Invalid reference in diagram interchange definition: OperationCampagneData does not reference a flow node - [Extra info : id = OperationCampagneData |  | activityName = operation/campagne | ] ( line: 54, column: 78)
[Validation set: 'flowable-executable-process' | Problem: 'flowable-exclusive-gateway-seq-flow-without-conditions'] : Exclusive gateway has at least one outgoing sequence flow without a condition (which isn't the default one) - [Extra info : processDefinitionId = EnqueteWebContinue | processDefinitionName = Enquete Web en Continue |  | id = Gateway_1rveezl | ] ( line: 42, column: 44)
[Validation set: 'flowable-executable-process' | Problem: 'flowable-exclusive-gateway-seq-flow-without-conditions'] : Exclusive gateway has at least one outgoing sequence flow without a condition (which isn't the default one) - [Extra info : processDefinitionId = EnqueteWebContinue | processDefinitionName = Enquete Web en Continue |  | id = Gateway_16p04je | ] ( line: 47, column: 44)
[Validation set: 'flowable-executable-process' | Problem: 'flowable-exclusive-gateway-seq-flow-without-conditions'] : Exclusive gateway has at least one outgoing sequence flow without a condition (which isn't the default one) - [Extra info : processDefinitionId = EnqueteWebContinue | processDefinitionName = Enquete Web en Continue |  | id = GatewayControlinit | ] ( line: 51, column: 47)

2022-09-12 14:29:36,014 WARN o.f.e.i.b.p.BpmnParseHandlers [main] Could not find matching parse handler for + BDDCampagne this is likely a bug.
2022-09-12 14:29:36,014 WARN o.f.e.i.b.p.BpmnParseHandlers [main] Could not find matching parse handler for + OperationCampagneData this is likely a bug.
2022-09-12 14:29:36,015 WARN o.f.e.i.b.p.BpmnParse [main] Invalid reference in diagram interchange definition: BDDCampagne does not reference a flow node
2022-09-12 14:29:36,015 WARN o.f.e.i.b.p.BpmnParse [main] Invalid reference in diagram interchange definition: OperationCampagneData does not reference a flow node
2022-09-12 14:29:36,031 WARN o.f.e.i.b.p.BpmnParse [main] Following warnings encountered during process validation: [Validation set: 'flowable-executable-process' | Problem: 'flowable-exclusive-gateway-seq-flow-without-conditions'] : Exclusive gateway has at least one outgoing sequence flow without a condition (which isn't the default one) - [Extra info : processDefinitionId = EnqueteTest | processDefinitionName = Enquête Test |  | id = Gateway_0ptspxv | ] ( line: 38, column: 44)
[Validation set: 'flowable-executable-process' | Problem: 'flowable-exclusive-gateway-seq-flow-without-conditions'] : Exclusive gateway has at least one outgoing sequence flow without a condition (which isn't the default one) - [Extra info : processDefinitionId = EnqueteTest | processDefinitionName = Enquête Test |  | id = Gateway_0y69ydq | ] ( line: 48, column: 44)

2022-09-12 14:29:36,700 INFO o.s.a.r.c.AbstractConnectionFactory [main] Attempting to connect to: [localhost:5672]
2022-09-12 14:29:37,072 INFO o.s.a.r.c.AbstractConnectionFactory [main] Created new connection: rabbitConnectionFactory#28c75c93:0/SimpleConnection@27c510c5 [delegate=amqp://toto@127.0.0.1:5672/, localPort= 55241]
2022-09-12 14:29:37,309 INFO o.s.b.StartupInfoLogger [main] Started FlowablePocApplicationTests in 5.702 seconds (JVM running for 6.461)
2022-09-12 14:29:37,311 INFO c.p.f.FlowablePocApplication [main] Application started.
2022-09-12 14:29:37,312 INFO c.p.f.FlowablePocApplication [main] Processes deployed: 1
2022-09-12 14:29:37,490 INFO o.s.a.r.l.SimpleMessageListenerContainer [org.flowable.eventregistry.rabbit.ChannelRabbitListenerEndpointContainer#testChannel-2] Waiting for workers to finish.
2022-09-12 14:29:38,366 INFO o.s.a.r.l.SimpleMessageListenerContainer [org.flowable.eventregistry.rabbit.ChannelRabbitListenerEndpointContainer#testChannel-2] Successfully waited for workers to finish.
2022-09-12 14:29:38,372 INFO o.f.j.s.i.a.AbstractAsyncExecutor [SpringApplicationShutdownHook] Shutting down the async job executor [org.flowable.spring.job.service.SpringAsyncExecutor] for engine cmmn
2022-09-12 14:29:38,372 INFO o.f.j.s.i.a.ResetExpiredJobsRunnable [flowable-cmmn-reset-expired-jobs] stopped resetting expired jobs for engine cmmn
2022-09-12 14:29:38,372 INFO o.f.j.s.i.a.AcquireAsyncJobsDueRunnable [flowable-cmmn-acquire-async-jobs] stopped async job due acquisition for engine cmmn
2022-09-12 14:29:38,372 INFO o.f.j.s.i.a.AcquireTimerJobsRunnable [flowable-cmmn-acquire-timer-jobs] stopped async job due acquisition for engine cmmn
2022-09-12 14:29:38,377 ERROR o.f.c.e.i.i.CommandContext [SpringApplicationShutdownHook] Error while closing command context
org.apache.ibatis.exceptions.PersistenceException: 
### Error querying database.  Cause: org.h2.jdbc.JdbcSQLSyntaxErrorException: Table "ACT_RU_JOB" not found; SQL statement:
SELECT RES.*  
         
        from ACT_RU_JOB RES
         WHERE  RES.LOCK_OWNER_ = ? 
     
        order by RES.ID_ asc [42102-200]
### The error may exist in org/flowable/job/service/db/mapping/entity/Job.xml
### The error may involve org.flowable.job.service.impl.persistence.entity.JobEntityImpl.selectJobByQueryCriteria
### The error occurred while executing a query
### SQL: SELECT RES.*                     from ACT_RU_JOB RES          WHERE  RES.LOCK_OWNER_ = ?                order by RES.ID_ asc
### Cause: org.h2.jdbc.JdbcSQLSyntaxErrorException: Table "ACT_RU_JOB" not found; SQL statement:
SELECT RES.*  
         
        from ACT_RU_JOB RES
         WHERE  RES.LOCK_OWNER_ = ? 
     
        order by RES.ID_ asc [42102-200]
	at org.apache.ibatis.exceptions.ExceptionFactory.wrapException(ExceptionFactory.java:30) ~[mybatis-3.5.7.jar:3.5.7]
	at org.apache.ibatis.session.defaults.DefaultSqlSession.selectList(DefaultSqlSession.java:153) ~[mybatis-3.5.7.jar:3.5.7]
	at org.apache.ibatis.session.defaults.DefaultSqlSession.selectList(DefaultSqlSession.java:145) ~[mybatis-3.5.7.jar:3.5.7]
	at org.apache.ibatis.session.defaults.DefaultSqlSession.selectList(DefaultSqlSession.java:140) ~[mybatis-3.5.7.jar:3.5.7]
	at org.flowable.common.engine.impl.db.DbSqlSession.selectListWithRawParameter(DbSqlSession.java:271) ~[flowable-engine-common-6.7.2.jar:6.7.2]
	at org.flowable.common.engine.impl.db.DbSqlSession.selectListWithRawParameter(DbSqlSession.java:234) ~[flowable-engine-common-6.7.2.jar:6.7.2]
	at org.flowable.common.engine.impl.db.DbSqlSession.selectList(DbSqlSession.java:158) ~[flowable-engine-common-6.7.2.jar:6.7.2]
	at org.flowable.job.service.impl.persistence.entity.data.impl.MybatisJobDataManager.findJobsByQueryCriteria(MybatisJobDataManager.java:119) ~[flowable-job-service-6.7.2.jar:6.7.2]
	at org.flowable.job.service.impl.persistence.entity.JobEntityManagerImpl.findJobsByQueryCriteria(JobEntityManagerImpl.java:72) ~[flowable-job-service-6.7.2.jar:6.7.2]
	at org.flowable.job.service.impl.cmd.UnacquireOwnedJobsCmd.execute(UnacquireOwnedJobsCmd.java:54) ~[flowable-job-service-6.7.2.jar:6.7.2]
	at org.flowable.job.service.impl.cmd.UnacquireOwnedJobsCmd.execute(UnacquireOwnedJobsCmd.java:25) ~[flowable-job-service-6.7.2.jar:6.7.2]
	at org.flowable.cmmn.engine.impl.interceptor.CmmnCommandInvoker.lambda$execute$0(CmmnCommandInvoker.java:57) ~[flowable-cmmn-engine-6.7.2.jar:6.7.2]
	at org.flowable.cmmn.engine.impl.interceptor.CmmnCommandInvoker.executeOperation(CmmnCommandInvoker.java:100) ~[flowable-cmmn-engine-6.7.2.jar:6.7.2]
	at org.flowable.cmmn.engine.impl.interceptor.CmmnCommandInvoker.executeOperations(CmmnCommandInvoker.java:73) ~[flowable-cmmn-engine-6.7.2.jar:6.7.2]
	at org.flowable.cmmn.engine.impl.interceptor.CmmnCommandInvoker.execute(CmmnCommandInvoker.java:59) ~[flowable-cmmn-engine-6.7.2.jar:6.7.2]
	at org.flowable.common.engine.impl.interceptor.TransactionContextInterceptor.execute(TransactionContextInterceptor.java:53) ~[flowable-engine-common-6.7.2.jar:6.7.2]
	at org.flowable.common.engine.impl.interceptor.CommandContextInterceptor.execute(CommandContextInterceptor.java:105) ~[flowable-engine-common-6.7.2.jar:6.7.2]
	at org.flowable.common.spring.SpringTransactionInterceptor.lambda$execute$0(SpringTransactionInterceptor.java:57) ~[flowable-spring-common-6.7.2.jar:6.7.2]
	at org.springframework.transaction.support.TransactionTemplate.execute(TransactionTemplate.java:140) ~[spring-tx-5.3.19.jar:5.3.19]
	at org.flowable.common.spring.SpringTransactionInterceptor.execute(SpringTransactionInterceptor.java:57) ~[flowable-spring-common-6.7.2.jar:6.7.2]
	at org.flowable.common.engine.impl.interceptor.LogInterceptor.execute(LogInterceptor.java:30) ~[flowable-engine-common-6.7.2.jar:6.7.2]
	at org.flowable.common.engine.impl.cfg.CommandExecutorImpl.execute(CommandExecutorImpl.java:56) ~[flowable-engine-common-6.7.2.jar:6.7.2]
	at org.flowable.common.engine.impl.cfg.CommandExecutorImpl.execute(CommandExecutorImpl.java:51) ~[flowable-engine-common-6.7.2.jar:6.7.2]
	at org.flowable.job.service.impl.asyncexecutor.AbstractAsyncExecutor.unlockOwnedJobs(AbstractAsyncExecutor.java:88) ~[flowable-job-service-6.7.2.jar:6.7.2]
	at org.flowable.job.service.impl.asyncexecutor.DefaultAsyncJobExecutor.shutdownAdditionalComponents(DefaultAsyncJobExecutor.java:133) ~[flowable-job-service-6.7.2.jar:6.7.2]
	at org.flowable.job.service.impl.asyncexecutor.AbstractAsyncExecutor.shutdown(AbstractAsyncExecutor.java:168) ~[flowable-job-service-6.7.2.jar:6.7.2]
	at org.flowable.cmmn.engine.impl.CmmnEngineImpl.close(CmmnEngineImpl.java:120) ~[flowable-cmmn-engine-6.7.2.jar:6.7.2]
	at jdk.internal.reflect.NativeMethodAccessorImpl.invoke0(Native Method) ~[?:?]
	at jdk.internal.reflect.NativeMethodAccessorImpl.invoke(NativeMethodAccessorImpl.java:77) ~[?:?]
	at jdk.internal.reflect.DelegatingMethodAccessorImpl.invoke(DelegatingMethodAccessorImpl.java:43) ~[?:?]
	at java.lang.reflect.Method.invoke(Method.java:568) ~[?:?]
	at org.springframework.beans.factory.support.DisposableBeanAdapter.invokeCustomDestroyMethod(DisposableBeanAdapter.java:319) ~[spring-beans-5.3.19.jar:5.3.19]
	at org.springframework.beans.factory.support.DisposableBeanAdapter.destroy(DisposableBeanAdapter.java:253) ~[spring-beans-5.3.19.jar:5.3.19]
	at org.springframework.beans.factory.support.DefaultSingletonBeanRegistry.destroyBean(DefaultSingletonBeanRegistry.java:587) ~[spring-beans-5.3.19.jar:5.3.19]
	at org.springframework.beans.factory.support.DefaultSingletonBeanRegistry.destroySingleton(DefaultSingletonBeanRegistry.java:559) ~[spring-beans-5.3.19.jar:5.3.19]
	at org.springframework.beans.factory.support.DefaultListableBeanFactory.destroySingleton(DefaultListableBeanFactory.java:1161) ~[spring-beans-5.3.19.jar:5.3.19]
	at org.springframework.beans.factory.support.DefaultSingletonBeanRegistry.destroySingletons(DefaultSingletonBeanRegistry.java:520) ~[spring-beans-5.3.19.jar:5.3.19]
	at org.springframework.beans.factory.support.DefaultListableBeanFactory.destroySingletons(DefaultListableBeanFactory.java:1154) ~[spring-beans-5.3.19.jar:5.3.19]
	at org.springframework.context.support.AbstractApplicationContext.destroyBeans(AbstractApplicationContext.java:1106) ~[spring-context-5.3.19.jar:5.3.19]
	at org.springframework.context.support.AbstractApplicationContext.doClose(AbstractApplicationContext.java:1075) ~[spring-context-5.3.19.jar:5.3.19]
	at org.springframework.context.support.AbstractApplicationContext.close(AbstractApplicationContext.java:1021) ~[spring-context-5.3.19.jar:5.3.19]
	at org.springframework.boot.SpringApplicationShutdownHook.closeAndWait(SpringApplicationShutdownHook.java:145) ~[spring-boot-2.6.7.jar:2.6.7]
	at java.lang.Iterable.forEach(Iterable.java:75) ~[?:?]
	at org.springframework.boot.SpringApplicationShutdownHook.run(SpringApplicationShutdownHook.java:114) ~[spring-boot-2.6.7.jar:2.6.7]
	at java.lang.Thread.run(Thread.java:833) ~[?:?]
Caused by: org.h2.jdbc.JdbcSQLSyntaxErrorException: Table "ACT_RU_JOB" not found; SQL statement:
SELECT RES.*  
         
        from ACT_RU_JOB RES
         WHERE  RES.LOCK_OWNER_ = ? 
     
        order by RES.ID_ asc [42102-200]
	at org.h2.message.DbException.getJdbcSQLException(DbException.java:453) ~[h2-1.4.200.jar:1.4.200]
	at org.h2.message.DbException.getJdbcSQLException(DbException.java:429) ~[h2-1.4.200.jar:1.4.200]
	at org.h2.message.DbException.get(DbException.java:205) ~[h2-1.4.200.jar:1.4.200]
	at org.h2.message.DbException.get(DbException.java:181) ~[h2-1.4.200.jar:1.4.200]
	at org.h2.command.Parser.readTableOrView(Parser.java:7628) ~[h2-1.4.200.jar:1.4.200]
	at org.h2.command.Parser.readTableFilter(Parser.java:1970) ~[h2-1.4.200.jar:1.4.200]
	at org.h2.command.Parser.parseSelectFromPart(Parser.java:2827) ~[h2-1.4.200.jar:1.4.200]
	at org.h2.command.Parser.parseSelect(Parser.java:2959) ~[h2-1.4.200.jar:1.4.200]
	at org.h2.command.Parser.parseQuerySub(Parser.java:2817) ~[h2-1.4.200.jar:1.4.200]
	at org.h2.command.Parser.parseSelectUnion(Parser.java:2649) ~[h2-1.4.200.jar:1.4.200]
	at org.h2.command.Parser.parseQuery(Parser.java:2620) ~[h2-1.4.200.jar:1.4.200]
	at org.h2.command.Parser.parsePrepared(Parser.java:868) ~[h2-1.4.200.jar:1.4.200]
	at org.h2.command.Parser.parse(Parser.java:843) ~[h2-1.4.200.jar:1.4.200]
	at org.h2.command.Parser.parse(Parser.java:815) ~[h2-1.4.200.jar:1.4.200]
	at org.h2.command.Parser.prepareCommand(Parser.java:738) ~[h2-1.4.200.jar:1.4.200]
	at org.h2.engine.Session.prepareLocal(Session.java:657) ~[h2-1.4.200.jar:1.4.200]
	at org.h2.engine.Session.prepareCommand(Session.java:595) ~[h2-1.4.200.jar:1.4.200]
	at org.h2.jdbc.JdbcConnection.prepareCommand(JdbcConnection.java:1235) ~[h2-1.4.200.jar:1.4.200]
	at org.h2.jdbc.JdbcPreparedStatement.<init>(JdbcPreparedStatement.java:76) ~[h2-1.4.200.jar:1.4.200]
	at org.h2.jdbc.JdbcConnection.prepareStatement(JdbcConnection.java:352) ~[h2-1.4.200.jar:1.4.200]
	at com.zaxxer.hikari.pool.ProxyConnection.prepareStatement(ProxyConnection.java:337) ~[HikariCP-4.0.3.jar:?]
	at com.zaxxer.hikari.pool.HikariProxyConnection.prepareStatement(HikariProxyConnection.java) ~[HikariCP-4.0.3.jar:?]
	at jdk.internal.reflect.GeneratedMethodAccessor86.invoke(Unknown Source) ~[?:?]
	at jdk.internal.reflect.DelegatingMethodAccessorImpl.invoke(DelegatingMethodAccessorImpl.java:43) ~[?:?]
	at java.lang.reflect.Method.invoke(Method.java:568) ~[?:?]
	at org.springframework.jdbc.datasource.TransactionAwareDataSourceProxy$TransactionAwareInvocationHandler.invoke(TransactionAwareDataSourceProxy.java:238) ~[spring-jdbc-5.3.19.jar:5.3.19]
	at jdk.proxy2.$Proxy115.prepareStatement(Unknown Source) ~[?:?]
	at org.apache.ibatis.executor.statement.PreparedStatementHandler.instantiateStatement(PreparedStatementHandler.java:86) ~[mybatis-3.5.7.jar:3.5.7]
	at org.apache.ibatis.executor.statement.BaseStatementHandler.prepare(BaseStatementHandler.java:88) ~[mybatis-3.5.7.jar:3.5.7]
	at org.apache.ibatis.executor.statement.RoutingStatementHandler.prepare(RoutingStatementHandler.java:59) ~[mybatis-3.5.7.jar:3.5.7]
	at org.apache.ibatis.executor.SimpleExecutor.prepareStatement(SimpleExecutor.java:87) ~[mybatis-3.5.7.jar:3.5.7]
	at org.apache.ibatis.executor.SimpleExecutor.doQuery(SimpleExecutor.java:62) ~[mybatis-3.5.7.jar:3.5.7]
	at org.apache.ibatis.executor.BaseExecutor.queryFromDatabase(BaseExecutor.java:325) ~[mybatis-3.5.7.jar:3.5.7]
	at org.apache.ibatis.executor.BaseExecutor.query(BaseExecutor.java:156) ~[mybatis-3.5.7.jar:3.5.7]
	at org.apache.ibatis.executor.CachingExecutor.query(CachingExecutor.java:109) ~[mybatis-3.5.7.jar:3.5.7]
	at org.apache.ibatis.executor.CachingExecutor.query(CachingExecutor.java:89) ~[mybatis-3.5.7.jar:3.5.7]
	at org.apache.ibatis.session.defaults.DefaultSqlSession.selectList(DefaultSqlSession.java:151) ~[mybatis-3.5.7.jar:3.5.7]
	... 43 more
2022-09-12 14:29:38,386 WARN o.s.b.f.s.DisposableBeanAdapter [SpringApplicationShutdownHook] Custom destroy method 'close' on bean with name 'cmmnEngine' threw an exception: org.apache.ibatis.exceptions.PersistenceException: 
### Error querying database.  Cause: org.h2.jdbc.JdbcSQLSyntaxErrorException: Table "ACT_RU_JOB" not found; SQL statement:
SELECT RES.*  
         
        from ACT_RU_JOB RES
         WHERE  RES.LOCK_OWNER_ = ? 
     
        order by RES.ID_ asc [42102-200]
### The error may exist in org/flowable/job/service/db/mapping/entity/Job.xml
### The error may involve org.flowable.job.service.impl.persistence.entity.JobEntityImpl.selectJobByQueryCriteria
### The error occurred while executing a query
### SQL: SELECT RES.*                     from ACT_RU_JOB RES          WHERE  RES.LOCK_OWNER_ = ?                order by RES.ID_ asc
### Cause: org.h2.jdbc.JdbcSQLSyntaxErrorException: Table "ACT_RU_JOB" not found; SQL statement:
SELECT RES.*  
         
        from ACT_RU_JOB RES
         WHERE  RES.LOCK_OWNER_ = ? 
     
        order by RES.ID_ asc [42102-200]
2022-09-12 14:29:38,389 INFO o.f.j.s.i.a.AbstractAsyncExecutor [SpringApplicationShutdownHook] Shutting down the async job executor [org.flowable.spring.job.service.SpringAsyncExecutor] for engine bpmn
2022-09-12 14:29:38,389 INFO o.f.j.s.i.a.AcquireAsyncJobsDueRunnable [flowable-bpmn-acquire-async-jobs] stopped async job due acquisition for engine bpmn
2022-09-12 14:29:38,389 INFO o.f.j.s.i.a.AcquireTimerJobsRunnable [flowable-bpmn-acquire-timer-jobs] stopped async job due acquisition for engine bpmn
2022-09-12 14:29:38,389 INFO o.f.j.s.i.a.ResetExpiredJobsRunnable [flowable-bpmn-reset-expired-jobs] stopped resetting expired jobs for engine bpmn
2022-09-12 14:29:38,391 ERROR o.f.c.e.i.i.CommandContext [SpringApplicationShutdownHook] Error while closing command context
org.apache.ibatis.exceptions.PersistenceException: 
### Error querying database.  Cause: org.h2.jdbc.JdbcSQLSyntaxErrorException: Table "ACT_RU_JOB" not found; SQL statement:
SELECT RES.*  
         
        from ACT_RU_JOB RES
         WHERE  RES.LOCK_OWNER_ = ? 
     
        order by RES.ID_ asc [42102-200]
### The error may exist in org/flowable/job/service/db/mapping/entity/Job.xml
### The error may involve org.flowable.job.service.impl.persistence.entity.JobEntityImpl.selectJobByQueryCriteria
### The error occurred while executing a query
### SQL: SELECT RES.*                     from ACT_RU_JOB RES          WHERE  RES.LOCK_OWNER_ = ?                order by RES.ID_ asc
### Cause: org.h2.jdbc.JdbcSQLSyntaxErrorException: Table "ACT_RU_JOB" not found; SQL statement:
SELECT RES.*  
         
        from ACT_RU_JOB RES
         WHERE  RES.LOCK_OWNER_ = ? 
     
        order by RES.ID_ asc [42102-200]
	at org.apache.ibatis.exceptions.ExceptionFactory.wrapException(ExceptionFactory.java:30) ~[mybatis-3.5.7.jar:3.5.7]
	at org.apache.ibatis.session.defaults.DefaultSqlSession.selectList(DefaultSqlSession.java:153) ~[mybatis-3.5.7.jar:3.5.7]
	at org.apache.ibatis.session.defaults.DefaultSqlSession.selectList(DefaultSqlSession.java:145) ~[mybatis-3.5.7.jar:3.5.7]
	at org.apache.ibatis.session.defaults.DefaultSqlSession.selectList(DefaultSqlSession.java:140) ~[mybatis-3.5.7.jar:3.5.7]
	at org.flowable.common.engine.impl.db.DbSqlSession.selectListWithRawParameter(DbSqlSession.java:271) ~[flowable-engine-common-6.7.2.jar:6.7.2]
	at org.flowable.common.engine.impl.db.DbSqlSession.selectListWithRawParameter(DbSqlSession.java:234) ~[flowable-engine-common-6.7.2.jar:6.7.2]
	at org.flowable.common.engine.impl.db.DbSqlSession.selectList(DbSqlSession.java:158) ~[flowable-engine-common-6.7.2.jar:6.7.2]
	at org.flowable.job.service.impl.persistence.entity.data.impl.MybatisJobDataManager.findJobsByQueryCriteria(MybatisJobDataManager.java:119) ~[flowable-job-service-6.7.2.jar:6.7.2]
	at org.flowable.job.service.impl.persistence.entity.JobEntityManagerImpl.findJobsByQueryCriteria(JobEntityManagerImpl.java:72) ~[flowable-job-service-6.7.2.jar:6.7.2]
	at org.flowable.job.service.impl.cmd.UnacquireOwnedJobsCmd.execute(UnacquireOwnedJobsCmd.java:54) ~[flowable-job-service-6.7.2.jar:6.7.2]
	at org.flowable.job.service.impl.cmd.UnacquireOwnedJobsCmd.execute(UnacquireOwnedJobsCmd.java:25) ~[flowable-job-service-6.7.2.jar:6.7.2]
	at org.flowable.engine.impl.interceptor.CommandInvoker$1.run(CommandInvoker.java:67) ~[flowable-engine-6.7.2.jar:6.7.2]
	at org.flowable.engine.impl.interceptor.CommandInvoker.executeOperation(CommandInvoker.java:140) ~[flowable-engine-6.7.2.jar:6.7.2]
	at org.flowable.engine.impl.interceptor.CommandInvoker.executeOperations(CommandInvoker.java:114) ~[flowable-engine-6.7.2.jar:6.7.2]
	at org.flowable.engine.impl.interceptor.CommandInvoker.execute(CommandInvoker.java:72) ~[flowable-engine-6.7.2.jar:6.7.2]
	at org.flowable.engine.impl.interceptor.BpmnOverrideContextInterceptor.execute(BpmnOverrideContextInterceptor.java:26) ~[flowable-engine-6.7.2.jar:6.7.2]
	at org.flowable.common.engine.impl.interceptor.TransactionContextInterceptor.execute(TransactionContextInterceptor.java:53) ~[flowable-engine-common-6.7.2.jar:6.7.2]
	at org.flowable.common.engine.impl.interceptor.CommandContextInterceptor.execute(CommandContextInterceptor.java:105) ~[flowable-engine-common-6.7.2.jar:6.7.2]
	at org.flowable.common.spring.SpringTransactionInterceptor.lambda$execute$0(SpringTransactionInterceptor.java:57) ~[flowable-spring-common-6.7.2.jar:6.7.2]
	at org.springframework.transaction.support.TransactionTemplate.execute(TransactionTemplate.java:140) ~[spring-tx-5.3.19.jar:5.3.19]
	at org.flowable.common.spring.SpringTransactionInterceptor.execute(SpringTransactionInterceptor.java:57) ~[flowable-spring-common-6.7.2.jar:6.7.2]
	at org.flowable.common.engine.impl.interceptor.LogInterceptor.execute(LogInterceptor.java:30) ~[flowable-engine-common-6.7.2.jar:6.7.2]
	at org.flowable.common.engine.impl.cfg.CommandExecutorImpl.execute(CommandExecutorImpl.java:56) ~[flowable-engine-common-6.7.2.jar:6.7.2]
	at org.flowable.common.engine.impl.cfg.CommandExecutorImpl.execute(CommandExecutorImpl.java:51) ~[flowable-engine-common-6.7.2.jar:6.7.2]
	at org.flowable.job.service.impl.asyncexecutor.AbstractAsyncExecutor.unlockOwnedJobs(AbstractAsyncExecutor.java:88) ~[flowable-job-service-6.7.2.jar:6.7.2]
	at org.flowable.job.service.impl.asyncexecutor.DefaultAsyncJobExecutor.shutdownAdditionalComponents(DefaultAsyncJobExecutor.java:133) ~[flowable-job-service-6.7.2.jar:6.7.2]
	at org.flowable.job.service.impl.asyncexecutor.AbstractAsyncExecutor.shutdown(AbstractAsyncExecutor.java:168) ~[flowable-job-service-6.7.2.jar:6.7.2]
	at org.flowable.engine.impl.ProcessEngineImpl.close(ProcessEngineImpl.java:127) ~[flowable-engine-6.7.2.jar:6.7.2]
	at jdk.internal.reflect.NativeMethodAccessorImpl.invoke0(Native Method) ~[?:?]
	at jdk.internal.reflect.NativeMethodAccessorImpl.invoke(NativeMethodAccessorImpl.java:77) ~[?:?]
	at jdk.internal.reflect.DelegatingMethodAccessorImpl.invoke(DelegatingMethodAccessorImpl.java:43) ~[?:?]
	at java.lang.reflect.Method.invoke(Method.java:568) ~[?:?]
	at org.springframework.beans.factory.support.DisposableBeanAdapter.invokeCustomDestroyMethod(DisposableBeanAdapter.java:319) ~[spring-beans-5.3.19.jar:5.3.19]
	at org.springframework.beans.factory.support.DisposableBeanAdapter.destroy(DisposableBeanAdapter.java:253) ~[spring-beans-5.3.19.jar:5.3.19]
	at org.springframework.beans.factory.support.DefaultSingletonBeanRegistry.destroyBean(DefaultSingletonBeanRegistry.java:587) ~[spring-beans-5.3.19.jar:5.3.19]
	at org.springframework.beans.factory.support.DefaultSingletonBeanRegistry.destroySingleton(DefaultSingletonBeanRegistry.java:559) ~[spring-beans-5.3.19.jar:5.3.19]
	at org.springframework.beans.factory.support.DefaultListableBeanFactory.destroySingleton(DefaultListableBeanFactory.java:1161) ~[spring-beans-5.3.19.jar:5.3.19]
	at org.springframework.beans.factory.support.DefaultSingletonBeanRegistry.destroySingletons(DefaultSingletonBeanRegistry.java:520) ~[spring-beans-5.3.19.jar:5.3.19]
	at org.springframework.beans.factory.support.DefaultListableBeanFactory.destroySingletons(DefaultListableBeanFactory.java:1154) ~[spring-beans-5.3.19.jar:5.3.19]
	at org.springframework.context.support.AbstractApplicationContext.destroyBeans(AbstractApplicationContext.java:1106) ~[spring-context-5.3.19.jar:5.3.19]
	at org.springframework.context.support.AbstractApplicationContext.doClose(AbstractApplicationContext.java:1075) ~[spring-context-5.3.19.jar:5.3.19]
	at org.springframework.context.support.AbstractApplicationContext.close(AbstractApplicationContext.java:1021) ~[spring-context-5.3.19.jar:5.3.19]
	at org.springframework.boot.SpringApplicationShutdownHook.closeAndWait(SpringApplicationShutdownHook.java:145) ~[spring-boot-2.6.7.jar:2.6.7]
	at java.lang.Iterable.forEach(Iterable.java:75) ~[?:?]
	at org.springframework.boot.SpringApplicationShutdownHook.run(SpringApplicationShutdownHook.java:114) ~[spring-boot-2.6.7.jar:2.6.7]
	at java.lang.Thread.run(Thread.java:833) ~[?:?]
Caused by: org.h2.jdbc.JdbcSQLSyntaxErrorException: Table "ACT_RU_JOB" not found; SQL statement:
SELECT RES.*  
         
        from ACT_RU_JOB RES
         WHERE  RES.LOCK_OWNER_ = ? 
     
        order by RES.ID_ asc [42102-200]
	at org.h2.message.DbException.getJdbcSQLException(DbException.java:453) ~[h2-1.4.200.jar:1.4.200]
	at org.h2.message.DbException.getJdbcSQLException(DbException.java:429) ~[h2-1.4.200.jar:1.4.200]
	at org.h2.message.DbException.get(DbException.java:205) ~[h2-1.4.200.jar:1.4.200]
	at org.h2.message.DbException.get(DbException.java:181) ~[h2-1.4.200.jar:1.4.200]
	at org.h2.command.Parser.readTableOrView(Parser.java:7628) ~[h2-1.4.200.jar:1.4.200]
	at org.h2.command.Parser.readTableFilter(Parser.java:1970) ~[h2-1.4.200.jar:1.4.200]
	at org.h2.command.Parser.parseSelectFromPart(Parser.java:2827) ~[h2-1.4.200.jar:1.4.200]
	at org.h2.command.Parser.parseSelect(Parser.java:2959) ~[h2-1.4.200.jar:1.4.200]
	at org.h2.command.Parser.parseQuerySub(Parser.java:2817) ~[h2-1.4.200.jar:1.4.200]
	at org.h2.command.Parser.parseSelectUnion(Parser.java:2649) ~[h2-1.4.200.jar:1.4.200]
	at org.h2.command.Parser.parseQuery(Parser.java:2620) ~[h2-1.4.200.jar:1.4.200]
	at org.h2.command.Parser.parsePrepared(Parser.java:868) ~[h2-1.4.200.jar:1.4.200]
	at org.h2.command.Parser.parse(Parser.java:843) ~[h2-1.4.200.jar:1.4.200]
	at org.h2.command.Parser.parse(Parser.java:815) ~[h2-1.4.200.jar:1.4.200]
	at org.h2.command.Parser.prepareCommand(Parser.java:738) ~[h2-1.4.200.jar:1.4.200]
	at org.h2.engine.Session.prepareLocal(Session.java:657) ~[h2-1.4.200.jar:1.4.200]
	at org.h2.engine.Session.prepareCommand(Session.java:595) ~[h2-1.4.200.jar:1.4.200]
	at org.h2.jdbc.JdbcConnection.prepareCommand(JdbcConnection.java:1235) ~[h2-1.4.200.jar:1.4.200]
	at org.h2.jdbc.JdbcPreparedStatement.<init>(JdbcPreparedStatement.java:76) ~[h2-1.4.200.jar:1.4.200]
	at org.h2.jdbc.JdbcConnection.prepareStatement(JdbcConnection.java:352) ~[h2-1.4.200.jar:1.4.200]
	at com.zaxxer.hikari.pool.ProxyConnection.prepareStatement(ProxyConnection.java:337) ~[HikariCP-4.0.3.jar:?]
	at com.zaxxer.hikari.pool.HikariProxyConnection.prepareStatement(HikariProxyConnection.java) ~[HikariCP-4.0.3.jar:?]
	at jdk.internal.reflect.GeneratedMethodAccessor86.invoke(Unknown Source) ~[?:?]
	at jdk.internal.reflect.DelegatingMethodAccessorImpl.invoke(DelegatingMethodAccessorImpl.java:43) ~[?:?]
	at java.lang.reflect.Method.invoke(Method.java:568) ~[?:?]
	at org.springframework.jdbc.datasource.TransactionAwareDataSourceProxy$TransactionAwareInvocationHandler.invoke(TransactionAwareDataSourceProxy.java:238) ~[spring-jdbc-5.3.19.jar:5.3.19]
	at jdk.proxy2.$Proxy115.prepareStatement(Unknown Source) ~[?:?]
	at org.apache.ibatis.executor.statement.PreparedStatementHandler.instantiateStatement(PreparedStatementHandler.java:86) ~[mybatis-3.5.7.jar:3.5.7]
	at org.apache.ibatis.executor.statement.BaseStatementHandler.prepare(BaseStatementHandler.java:88) ~[mybatis-3.5.7.jar:3.5.7]
	at org.apache.ibatis.executor.statement.RoutingStatementHandler.prepare(RoutingStatementHandler.java:59) ~[mybatis-3.5.7.jar:3.5.7]
	at org.apache.ibatis.executor.SimpleExecutor.prepareStatement(SimpleExecutor.java:87) ~[mybatis-3.5.7.jar:3.5.7]
	at org.apache.ibatis.executor.SimpleExecutor.doQuery(SimpleExecutor.java:62) ~[mybatis-3.5.7.jar:3.5.7]
	at org.apache.ibatis.executor.BaseExecutor.queryFromDatabase(BaseExecutor.java:325) ~[mybatis-3.5.7.jar:3.5.7]
	at org.apache.ibatis.executor.BaseExecutor.query(BaseExecutor.java:156) ~[mybatis-3.5.7.jar:3.5.7]
	at org.apache.ibatis.executor.CachingExecutor.query(CachingExecutor.java:109) ~[mybatis-3.5.7.jar:3.5.7]
	at org.apache.ibatis.executor.CachingExecutor.query(CachingExecutor.java:89) ~[mybatis-3.5.7.jar:3.5.7]
	at org.apache.ibatis.session.defaults.DefaultSqlSession.selectList(DefaultSqlSession.java:151) ~[mybatis-3.5.7.jar:3.5.7]
	... 44 more
2022-09-12 14:29:38,392 WARN o.s.b.f.s.DisposableBeanAdapter [SpringApplicationShutdownHook] Custom destroy method 'close' on bean with name 'processEngine' threw an exception: org.apache.ibatis.exceptions.PersistenceException: 
### Error querying database.  Cause: org.h2.jdbc.JdbcSQLSyntaxErrorException: Table "ACT_RU_JOB" not found; SQL statement:
SELECT RES.*  
         
        from ACT_RU_JOB RES
         WHERE  RES.LOCK_OWNER_ = ? 
     
        order by RES.ID_ asc [42102-200]
### The error may exist in org/flowable/job/service/db/mapping/entity/Job.xml
### The error may involve org.flowable.job.service.impl.persistence.entity.JobEntityImpl.selectJobByQueryCriteria
### The error occurred while executing a query
### SQL: SELECT RES.*                     from ACT_RU_JOB RES          WHERE  RES.LOCK_OWNER_ = ?                order by RES.ID_ asc
### Cause: org.h2.jdbc.JdbcSQLSyntaxErrorException: Table "ACT_RU_JOB" not found; SQL statement:
SELECT RES.*  
         
        from ACT_RU_JOB RES
         WHERE  RES.LOCK_OWNER_ = ? 
     
        order by RES.ID_ asc [42102-200]
2022-09-12 14:29:38,469 INFO o.s.a.r.l.SimpleMessageListenerContainer [SpringApplicationShutdownHook] Shutdown ignored - container is already stopped
2022-09-12 14:29:38,469 INFO o.f.j.s.i.a.AbstractAsyncExecutor [SpringApplicationShutdownHook] Shutting down the async job executor [org.flowable.spring.job.service.SpringAsyncExecutor] for engine cmmn
2022-09-12 14:29:38,470 ERROR o.f.c.e.i.i.CommandContext [SpringApplicationShutdownHook] Error while closing command context
org.apache.ibatis.exceptions.PersistenceException: 
### Error querying database.  Cause: org.h2.jdbc.JdbcSQLSyntaxErrorException: Table "ACT_RU_JOB" not found; SQL statement:
SELECT RES.*  
         
        from ACT_RU_JOB RES
         WHERE  RES.LOCK_OWNER_ = ? 
     
        order by RES.ID_ asc [42102-200]
### The error may exist in org/flowable/job/service/db/mapping/entity/Job.xml
### The error may involve org.flowable.job.service.impl.persistence.entity.JobEntityImpl.selectJobByQueryCriteria
### The error occurred while executing a query
### SQL: SELECT RES.*                     from ACT_RU_JOB RES          WHERE  RES.LOCK_OWNER_ = ?                order by RES.ID_ asc
### Cause: org.h2.jdbc.JdbcSQLSyntaxErrorException: Table "ACT_RU_JOB" not found; SQL statement:
SELECT RES.*  
         
        from ACT_RU_JOB RES
         WHERE  RES.LOCK_OWNER_ = ? 
     
        order by RES.ID_ asc [42102-200]
	at org.apache.ibatis.exceptions.ExceptionFactory.wrapException(ExceptionFactory.java:30) ~[mybatis-3.5.7.jar:3.5.7]
	at org.apache.ibatis.session.defaults.DefaultSqlSession.selectList(DefaultSqlSession.java:153) ~[mybatis-3.5.7.jar:3.5.7]
	at org.apache.ibatis.session.defaults.DefaultSqlSession.selectList(DefaultSqlSession.java:145) ~[mybatis-3.5.7.jar:3.5.7]
	at org.apache.ibatis.session.defaults.DefaultSqlSession.selectList(DefaultSqlSession.java:140) ~[mybatis-3.5.7.jar:3.5.7]
	at org.flowable.common.engine.impl.db.DbSqlSession.selectListWithRawParameter(DbSqlSession.java:271) ~[flowable-engine-common-6.7.2.jar:6.7.2]
	at org.flowable.common.engine.impl.db.DbSqlSession.selectListWithRawParameter(DbSqlSession.java:234) ~[flowable-engine-common-6.7.2.jar:6.7.2]
	at org.flowable.common.engine.impl.db.DbSqlSession.selectList(DbSqlSession.java:158) ~[flowable-engine-common-6.7.2.jar:6.7.2]
	at org.flowable.job.service.impl.persistence.entity.data.impl.MybatisJobDataManager.findJobsByQueryCriteria(MybatisJobDataManager.java:119) ~[flowable-job-service-6.7.2.jar:6.7.2]
	at org.flowable.job.service.impl.persistence.entity.JobEntityManagerImpl.findJobsByQueryCriteria(JobEntityManagerImpl.java:72) ~[flowable-job-service-6.7.2.jar:6.7.2]
	at org.flowable.job.service.impl.cmd.UnacquireOwnedJobsCmd.execute(UnacquireOwnedJobsCmd.java:54) ~[flowable-job-service-6.7.2.jar:6.7.2]
	at org.flowable.job.service.impl.cmd.UnacquireOwnedJobsCmd.execute(UnacquireOwnedJobsCmd.java:25) ~[flowable-job-service-6.7.2.jar:6.7.2]
	at org.flowable.cmmn.engine.impl.interceptor.CmmnCommandInvoker.lambda$execute$0(CmmnCommandInvoker.java:57) ~[flowable-cmmn-engine-6.7.2.jar:6.7.2]
	at org.flowable.cmmn.engine.impl.interceptor.CmmnCommandInvoker.executeOperation(CmmnCommandInvoker.java:100) ~[flowable-cmmn-engine-6.7.2.jar:6.7.2]
	at org.flowable.cmmn.engine.impl.interceptor.CmmnCommandInvoker.executeOperations(CmmnCommandInvoker.java:73) ~[flowable-cmmn-engine-6.7.2.jar:6.7.2]
	at org.flowable.cmmn.engine.impl.interceptor.CmmnCommandInvoker.execute(CmmnCommandInvoker.java:59) ~[flowable-cmmn-engine-6.7.2.jar:6.7.2]
	at org.flowable.common.engine.impl.interceptor.TransactionContextInterceptor.execute(TransactionContextInterceptor.java:53) ~[flowable-engine-common-6.7.2.jar:6.7.2]
	at org.flowable.common.engine.impl.interceptor.CommandContextInterceptor.execute(CommandContextInterceptor.java:105) ~[flowable-engine-common-6.7.2.jar:6.7.2]
	at org.flowable.common.spring.SpringTransactionInterceptor.lambda$execute$0(SpringTransactionInterceptor.java:57) ~[flowable-spring-common-6.7.2.jar:6.7.2]
	at org.springframework.transaction.support.TransactionTemplate.execute(TransactionTemplate.java:140) ~[spring-tx-5.3.19.jar:5.3.19]
	at org.flowable.common.spring.SpringTransactionInterceptor.execute(SpringTransactionInterceptor.java:57) ~[flowable-spring-common-6.7.2.jar:6.7.2]
	at org.flowable.common.engine.impl.interceptor.LogInterceptor.execute(LogInterceptor.java:30) ~[flowable-engine-common-6.7.2.jar:6.7.2]
	at org.flowable.common.engine.impl.cfg.CommandExecutorImpl.execute(CommandExecutorImpl.java:56) ~[flowable-engine-common-6.7.2.jar:6.7.2]
	at org.flowable.common.engine.impl.cfg.CommandExecutorImpl.execute(CommandExecutorImpl.java:51) ~[flowable-engine-common-6.7.2.jar:6.7.2]
	at org.flowable.job.service.impl.asyncexecutor.AbstractAsyncExecutor.unlockOwnedJobs(AbstractAsyncExecutor.java:88) ~[flowable-job-service-6.7.2.jar:6.7.2]
	at org.flowable.job.service.impl.asyncexecutor.DefaultAsyncJobExecutor.shutdownAdditionalComponents(DefaultAsyncJobExecutor.java:133) ~[flowable-job-service-6.7.2.jar:6.7.2]
	at org.flowable.job.service.impl.asyncexecutor.AbstractAsyncExecutor.shutdown(AbstractAsyncExecutor.java:168) ~[flowable-job-service-6.7.2.jar:6.7.2]
	at jdk.internal.reflect.NativeMethodAccessorImpl.invoke0(Native Method) ~[?:?]
	at jdk.internal.reflect.NativeMethodAccessorImpl.invoke(NativeMethodAccessorImpl.java:77) ~[?:?]
	at jdk.internal.reflect.DelegatingMethodAccessorImpl.invoke(DelegatingMethodAccessorImpl.java:43) ~[?:?]
	at java.lang.reflect.Method.invoke(Method.java:568) ~[?:?]
	at org.springframework.beans.factory.support.DisposableBeanAdapter.invokeCustomDestroyMethod(DisposableBeanAdapter.java:319) ~[spring-beans-5.3.19.jar:5.3.19]
	at org.springframework.beans.factory.support.DisposableBeanAdapter.destroy(DisposableBeanAdapter.java:253) ~[spring-beans-5.3.19.jar:5.3.19]
	at org.springframework.beans.factory.support.DefaultSingletonBeanRegistry.destroyBean(DefaultSingletonBeanRegistry.java:587) ~[spring-beans-5.3.19.jar:5.3.19]
	at org.springframework.beans.factory.support.DefaultSingletonBeanRegistry.destroySingleton(DefaultSingletonBeanRegistry.java:559) ~[spring-beans-5.3.19.jar:5.3.19]
	at org.springframework.beans.factory.support.DefaultListableBeanFactory.destroySingleton(DefaultListableBeanFactory.java:1161) ~[spring-beans-5.3.19.jar:5.3.19]
	at org.springframework.beans.factory.support.DefaultSingletonBeanRegistry.destroySingletons(DefaultSingletonBeanRegistry.java:520) ~[spring-beans-5.3.19.jar:5.3.19]
	at org.springframework.beans.factory.support.DefaultListableBeanFactory.destroySingletons(DefaultListableBeanFactory.java:1154) ~[spring-beans-5.3.19.jar:5.3.19]
	at org.springframework.context.support.AbstractApplicationContext.destroyBeans(AbstractApplicationContext.java:1106) ~[spring-context-5.3.19.jar:5.3.19]
	at org.springframework.context.support.AbstractApplicationContext.doClose(AbstractApplicationContext.java:1075) ~[spring-context-5.3.19.jar:5.3.19]
	at org.springframework.context.support.AbstractApplicationContext.close(AbstractApplicationContext.java:1021) ~[spring-context-5.3.19.jar:5.3.19]
	at org.springframework.boot.SpringApplicationShutdownHook.closeAndWait(SpringApplicationShutdownHook.java:145) ~[spring-boot-2.6.7.jar:2.6.7]
	at java.lang.Iterable.forEach(Iterable.java:75) ~[?:?]
	at org.springframework.boot.SpringApplicationShutdownHook.run(SpringApplicationShutdownHook.java:114) ~[spring-boot-2.6.7.jar:2.6.7]
	at java.lang.Thread.run(Thread.java:833) ~[?:?]
Caused by: org.h2.jdbc.JdbcSQLSyntaxErrorException: Table "ACT_RU_JOB" not found; SQL statement:
SELECT RES.*  
         
        from ACT_RU_JOB RES
         WHERE  RES.LOCK_OWNER_ = ? 
     
        order by RES.ID_ asc [42102-200]
	at org.h2.message.DbException.getJdbcSQLException(DbException.java:453) ~[h2-1.4.200.jar:1.4.200]
	at org.h2.message.DbException.getJdbcSQLException(DbException.java:429) ~[h2-1.4.200.jar:1.4.200]
	at org.h2.message.DbException.get(DbException.java:205) ~[h2-1.4.200.jar:1.4.200]
	at org.h2.message.DbException.get(DbException.java:181) ~[h2-1.4.200.jar:1.4.200]
	at org.h2.command.Parser.readTableOrView(Parser.java:7628) ~[h2-1.4.200.jar:1.4.200]
	at org.h2.command.Parser.readTableFilter(Parser.java:1970) ~[h2-1.4.200.jar:1.4.200]
	at org.h2.command.Parser.parseSelectFromPart(Parser.java:2827) ~[h2-1.4.200.jar:1.4.200]
	at org.h2.command.Parser.parseSelect(Parser.java:2959) ~[h2-1.4.200.jar:1.4.200]
	at org.h2.command.Parser.parseQuerySub(Parser.java:2817) ~[h2-1.4.200.jar:1.4.200]
	at org.h2.command.Parser.parseSelectUnion(Parser.java:2649) ~[h2-1.4.200.jar:1.4.200]
	at org.h2.command.Parser.parseQuery(Parser.java:2620) ~[h2-1.4.200.jar:1.4.200]
	at org.h2.command.Parser.parsePrepared(Parser.java:868) ~[h2-1.4.200.jar:1.4.200]
	at org.h2.command.Parser.parse(Parser.java:843) ~[h2-1.4.200.jar:1.4.200]
	at org.h2.command.Parser.parse(Parser.java:815) ~[h2-1.4.200.jar:1.4.200]
	at org.h2.command.Parser.prepareCommand(Parser.java:738) ~[h2-1.4.200.jar:1.4.200]
	at org.h2.engine.Session.prepareLocal(Session.java:657) ~[h2-1.4.200.jar:1.4.200]
	at org.h2.engine.Session.prepareCommand(Session.java:595) ~[h2-1.4.200.jar:1.4.200]
	at org.h2.jdbc.JdbcConnection.prepareCommand(JdbcConnection.java:1235) ~[h2-1.4.200.jar:1.4.200]
	at org.h2.jdbc.JdbcPreparedStatement.<init>(JdbcPreparedStatement.java:76) ~[h2-1.4.200.jar:1.4.200]
	at org.h2.jdbc.JdbcConnection.prepareStatement(JdbcConnection.java:352) ~[h2-1.4.200.jar:1.4.200]
	at com.zaxxer.hikari.pool.ProxyConnection.prepareStatement(ProxyConnection.java:337) ~[HikariCP-4.0.3.jar:?]
	at com.zaxxer.hikari.pool.HikariProxyConnection.prepareStatement(HikariProxyConnection.java) ~[HikariCP-4.0.3.jar:?]
	at jdk.internal.reflect.GeneratedMethodAccessor86.invoke(Unknown Source) ~[?:?]
	at jdk.internal.reflect.DelegatingMethodAccessorImpl.invoke(DelegatingMethodAccessorImpl.java:43) ~[?:?]
	at java.lang.reflect.Method.invoke(Method.java:568) ~[?:?]
	at org.springframework.jdbc.datasource.TransactionAwareDataSourceProxy$TransactionAwareInvocationHandler.invoke(TransactionAwareDataSourceProxy.java:238) ~[spring-jdbc-5.3.19.jar:5.3.19]
	at jdk.proxy2.$Proxy115.prepareStatement(Unknown Source) ~[?:?]
	at org.apache.ibatis.executor.statement.PreparedStatementHandler.instantiateStatement(PreparedStatementHandler.java:86) ~[mybatis-3.5.7.jar:3.5.7]
	at org.apache.ibatis.executor.statement.BaseStatementHandler.prepare(BaseStatementHandler.java:88) ~[mybatis-3.5.7.jar:3.5.7]
	at org.apache.ibatis.executor.statement.RoutingStatementHandler.prepare(RoutingStatementHandler.java:59) ~[mybatis-3.5.7.jar:3.5.7]
	at org.apache.ibatis.executor.SimpleExecutor.prepareStatement(SimpleExecutor.java:87) ~[mybatis-3.5.7.jar:3.5.7]
	at org.apache.ibatis.executor.SimpleExecutor.doQuery(SimpleExecutor.java:62) ~[mybatis-3.5.7.jar:3.5.7]
	at org.apache.ibatis.executor.BaseExecutor.queryFromDatabase(BaseExecutor.java:325) ~[mybatis-3.5.7.jar:3.5.7]
	at org.apache.ibatis.executor.BaseExecutor.query(BaseExecutor.java:156) ~[mybatis-3.5.7.jar:3.5.7]
	at org.apache.ibatis.executor.CachingExecutor.query(CachingExecutor.java:109) ~[mybatis-3.5.7.jar:3.5.7]
	at org.apache.ibatis.executor.CachingExecutor.query(CachingExecutor.java:89) ~[mybatis-3.5.7.jar:3.5.7]
	at org.apache.ibatis.session.defaults.DefaultSqlSession.selectList(DefaultSqlSession.java:151) ~[mybatis-3.5.7.jar:3.5.7]
	... 42 more
2022-09-12 14:29:38,471 WARN o.s.b.f.s.DisposableBeanAdapter [SpringApplicationShutdownHook] Custom destroy method 'shutdown' on bean with name 'cmmnAsyncExecutor' threw an exception: org.apache.ibatis.exceptions.PersistenceException: 
### Error querying database.  Cause: org.h2.jdbc.JdbcSQLSyntaxErrorException: Table "ACT_RU_JOB" not found; SQL statement:
SELECT RES.*  
         
        from ACT_RU_JOB RES
         WHERE  RES.LOCK_OWNER_ = ? 
     
        order by RES.ID_ asc [42102-200]
### The error may exist in org/flowable/job/service/db/mapping/entity/Job.xml
### The error may involve org.flowable.job.service.impl.persistence.entity.JobEntityImpl.selectJobByQueryCriteria
### The error occurred while executing a query
### SQL: SELECT RES.*                     from ACT_RU_JOB RES          WHERE  RES.LOCK_OWNER_ = ?                order by RES.ID_ asc
### Cause: org.h2.jdbc.JdbcSQLSyntaxErrorException: Table "ACT_RU_JOB" not found; SQL statement:
SELECT RES.*  
         
        from ACT_RU_JOB RES
         WHERE  RES.LOCK_OWNER_ = ? 
     
        order by RES.ID_ asc [42102-200]
2022-09-12 14:29:38,471 INFO o.f.j.s.i.a.AbstractAsyncExecutor [SpringApplicationShutdownHook] Shutting down the async job executor [org.flowable.spring.job.service.SpringAsyncExecutor] for engine bpmn
2022-09-12 14:29:38,472 ERROR o.f.c.e.i.i.CommandContext [SpringApplicationShutdownHook] Error while closing command context
org.apache.ibatis.exceptions.PersistenceException: 
### Error querying database.  Cause: org.h2.jdbc.JdbcSQLSyntaxErrorException: Table "ACT_RU_JOB" not found; SQL statement:
SELECT RES.*  
         
        from ACT_RU_JOB RES
         WHERE  RES.LOCK_OWNER_ = ? 
     
        order by RES.ID_ asc [42102-200]
### The error may exist in org/flowable/job/service/db/mapping/entity/Job.xml
### The error may involve org.flowable.job.service.impl.persistence.entity.JobEntityImpl.selectJobByQueryCriteria
### The error occurred while executing a query
### SQL: SELECT RES.*                     from ACT_RU_JOB RES          WHERE  RES.LOCK_OWNER_ = ?                order by RES.ID_ asc
### Cause: org.h2.jdbc.JdbcSQLSyntaxErrorException: Table "ACT_RU_JOB" not found; SQL statement:
SELECT RES.*  
         
        from ACT_RU_JOB RES
         WHERE  RES.LOCK_OWNER_ = ? 
     
        order by RES.ID_ asc [42102-200]
	at org.apache.ibatis.exceptions.ExceptionFactory.wrapException(ExceptionFactory.java:30) ~[mybatis-3.5.7.jar:3.5.7]
	at org.apache.ibatis.session.defaults.DefaultSqlSession.selectList(DefaultSqlSession.java:153) ~[mybatis-3.5.7.jar:3.5.7]
	at org.apache.ibatis.session.defaults.DefaultSqlSession.selectList(DefaultSqlSession.java:145) ~[mybatis-3.5.7.jar:3.5.7]
	at org.apache.ibatis.session.defaults.DefaultSqlSession.selectList(DefaultSqlSession.java:140) ~[mybatis-3.5.7.jar:3.5.7]
	at org.flowable.common.engine.impl.db.DbSqlSession.selectListWithRawParameter(DbSqlSession.java:271) ~[flowable-engine-common-6.7.2.jar:6.7.2]
	at org.flowable.common.engine.impl.db.DbSqlSession.selectListWithRawParameter(DbSqlSession.java:234) ~[flowable-engine-common-6.7.2.jar:6.7.2]
	at org.flowable.common.engine.impl.db.DbSqlSession.selectList(DbSqlSession.java:158) ~[flowable-engine-common-6.7.2.jar:6.7.2]
	at org.flowable.job.service.impl.persistence.entity.data.impl.MybatisJobDataManager.findJobsByQueryCriteria(MybatisJobDataManager.java:119) ~[flowable-job-service-6.7.2.jar:6.7.2]
	at org.flowable.job.service.impl.persistence.entity.JobEntityManagerImpl.findJobsByQueryCriteria(JobEntityManagerImpl.java:72) ~[flowable-job-service-6.7.2.jar:6.7.2]
	at org.flowable.job.service.impl.cmd.UnacquireOwnedJobsCmd.execute(UnacquireOwnedJobsCmd.java:54) ~[flowable-job-service-6.7.2.jar:6.7.2]
	at org.flowable.job.service.impl.cmd.UnacquireOwnedJobsCmd.execute(UnacquireOwnedJobsCmd.java:25) ~[flowable-job-service-6.7.2.jar:6.7.2]
	at org.flowable.engine.impl.interceptor.CommandInvoker$1.run(CommandInvoker.java:67) ~[flowable-engine-6.7.2.jar:6.7.2]
	at org.flowable.engine.impl.interceptor.CommandInvoker.executeOperation(CommandInvoker.java:140) ~[flowable-engine-6.7.2.jar:6.7.2]
	at org.flowable.engine.impl.interceptor.CommandInvoker.executeOperations(CommandInvoker.java:114) ~[flowable-engine-6.7.2.jar:6.7.2]
	at org.flowable.engine.impl.interceptor.CommandInvoker.execute(CommandInvoker.java:72) ~[flowable-engine-6.7.2.jar:6.7.2]
	at org.flowable.engine.impl.interceptor.BpmnOverrideContextInterceptor.execute(BpmnOverrideContextInterceptor.java:26) ~[flowable-engine-6.7.2.jar:6.7.2]
	at org.flowable.common.engine.impl.interceptor.TransactionContextInterceptor.execute(TransactionContextInterceptor.java:53) ~[flowable-engine-common-6.7.2.jar:6.7.2]
	at org.flowable.common.engine.impl.interceptor.CommandContextInterceptor.execute(CommandContextInterceptor.java:105) ~[flowable-engine-common-6.7.2.jar:6.7.2]
	at org.flowable.common.spring.SpringTransactionInterceptor.lambda$execute$0(SpringTransactionInterceptor.java:57) ~[flowable-spring-common-6.7.2.jar:6.7.2]
	at org.springframework.transaction.support.TransactionTemplate.execute(TransactionTemplate.java:140) ~[spring-tx-5.3.19.jar:5.3.19]
	at org.flowable.common.spring.SpringTransactionInterceptor.execute(SpringTransactionInterceptor.java:57) ~[flowable-spring-common-6.7.2.jar:6.7.2]
	at org.flowable.common.engine.impl.interceptor.LogInterceptor.execute(LogInterceptor.java:30) ~[flowable-engine-common-6.7.2.jar:6.7.2]
	at org.flowable.common.engine.impl.cfg.CommandExecutorImpl.execute(CommandExecutorImpl.java:56) ~[flowable-engine-common-6.7.2.jar:6.7.2]
	at org.flowable.common.engine.impl.cfg.CommandExecutorImpl.execute(CommandExecutorImpl.java:51) ~[flowable-engine-common-6.7.2.jar:6.7.2]
	at org.flowable.job.service.impl.asyncexecutor.AbstractAsyncExecutor.unlockOwnedJobs(AbstractAsyncExecutor.java:88) ~[flowable-job-service-6.7.2.jar:6.7.2]
	at org.flowable.job.service.impl.asyncexecutor.DefaultAsyncJobExecutor.shutdownAdditionalComponents(DefaultAsyncJobExecutor.java:133) ~[flowable-job-service-6.7.2.jar:6.7.2]
	at org.flowable.job.service.impl.asyncexecutor.AbstractAsyncExecutor.shutdown(AbstractAsyncExecutor.java:168) ~[flowable-job-service-6.7.2.jar:6.7.2]
	at jdk.internal.reflect.NativeMethodAccessorImpl.invoke0(Native Method) ~[?:?]
	at jdk.internal.reflect.NativeMethodAccessorImpl.invoke(NativeMethodAccessorImpl.java:77) ~[?:?]
	at jdk.internal.reflect.DelegatingMethodAccessorImpl.invoke(DelegatingMethodAccessorImpl.java:43) ~[?:?]
	at java.lang.reflect.Method.invoke(Method.java:568) ~[?:?]
	at org.springframework.beans.factory.support.DisposableBeanAdapter.invokeCustomDestroyMethod(DisposableBeanAdapter.java:319) ~[spring-beans-5.3.19.jar:5.3.19]
	at org.springframework.beans.factory.support.DisposableBeanAdapter.destroy(DisposableBeanAdapter.java:253) ~[spring-beans-5.3.19.jar:5.3.19]
	at org.springframework.beans.factory.support.DefaultSingletonBeanRegistry.destroyBean(DefaultSingletonBeanRegistry.java:587) ~[spring-beans-5.3.19.jar:5.3.19]
	at org.springframework.beans.factory.support.DefaultSingletonBeanRegistry.destroySingleton(DefaultSingletonBeanRegistry.java:559) ~[spring-beans-5.3.19.jar:5.3.19]
	at org.springframework.beans.factory.support.DefaultListableBeanFactory.destroySingleton(DefaultListableBeanFactory.java:1161) ~[spring-beans-5.3.19.jar:5.3.19]
	at org.springframework.beans.factory.support.DefaultSingletonBeanRegistry.destroySingletons(DefaultSingletonBeanRegistry.java:520) ~[spring-beans-5.3.19.jar:5.3.19]
	at org.springframework.beans.factory.support.DefaultListableBeanFactory.destroySingletons(DefaultListableBeanFactory.java:1154) ~[spring-beans-5.3.19.jar:5.3.19]
	at org.springframework.context.support.AbstractApplicationContext.destroyBeans(AbstractApplicationContext.java:1106) ~[spring-context-5.3.19.jar:5.3.19]
	at org.springframework.context.support.AbstractApplicationContext.doClose(AbstractApplicationContext.java:1075) ~[spring-context-5.3.19.jar:5.3.19]
	at org.springframework.context.support.AbstractApplicationContext.close(AbstractApplicationContext.java:1021) ~[spring-context-5.3.19.jar:5.3.19]
	at org.springframework.boot.SpringApplicationShutdownHook.closeAndWait(SpringApplicationShutdownHook.java:145) ~[spring-boot-2.6.7.jar:2.6.7]
	at java.lang.Iterable.forEach(Iterable.java:75) ~[?:?]
	at org.springframework.boot.SpringApplicationShutdownHook.run(SpringApplicationShutdownHook.java:114) ~[spring-boot-2.6.7.jar:2.6.7]
	at java.lang.Thread.run(Thread.java:833) ~[?:?]
Caused by: org.h2.jdbc.JdbcSQLSyntaxErrorException: Table "ACT_RU_JOB" not found; SQL statement:
SELECT RES.*  
         
        from ACT_RU_JOB RES
         WHERE  RES.LOCK_OWNER_ = ? 
     
        order by RES.ID_ asc [42102-200]
	at org.h2.message.DbException.getJdbcSQLException(DbException.java:453) ~[h2-1.4.200.jar:1.4.200]
	at org.h2.message.DbException.getJdbcSQLException(DbException.java:429) ~[h2-1.4.200.jar:1.4.200]
	at org.h2.message.DbException.get(DbException.java:205) ~[h2-1.4.200.jar:1.4.200]
	at org.h2.message.DbException.get(DbException.java:181) ~[h2-1.4.200.jar:1.4.200]
	at org.h2.command.Parser.readTableOrView(Parser.java:7628) ~[h2-1.4.200.jar:1.4.200]
	at org.h2.command.Parser.readTableFilter(Parser.java:1970) ~[h2-1.4.200.jar:1.4.200]
	at org.h2.command.Parser.parseSelectFromPart(Parser.java:2827) ~[h2-1.4.200.jar:1.4.200]
	at org.h2.command.Parser.parseSelect(Parser.java:2959) ~[h2-1.4.200.jar:1.4.200]
	at org.h2.command.Parser.parseQuerySub(Parser.java:2817) ~[h2-1.4.200.jar:1.4.200]
	at org.h2.command.Parser.parseSelectUnion(Parser.java:2649) ~[h2-1.4.200.jar:1.4.200]
	at org.h2.command.Parser.parseQuery(Parser.java:2620) ~[h2-1.4.200.jar:1.4.200]
	at org.h2.command.Parser.parsePrepared(Parser.java:868) ~[h2-1.4.200.jar:1.4.200]
	at org.h2.command.Parser.parse(Parser.java:843) ~[h2-1.4.200.jar:1.4.200]
	at org.h2.command.Parser.parse(Parser.java:815) ~[h2-1.4.200.jar:1.4.200]
	at org.h2.command.Parser.prepareCommand(Parser.java:738) ~[h2-1.4.200.jar:1.4.200]
	at org.h2.engine.Session.prepareLocal(Session.java:657) ~[h2-1.4.200.jar:1.4.200]
	at org.h2.engine.Session.prepareCommand(Session.java:595) ~[h2-1.4.200.jar:1.4.200]
	at org.h2.jdbc.JdbcConnection.prepareCommand(JdbcConnection.java:1235) ~[h2-1.4.200.jar:1.4.200]
	at org.h2.jdbc.JdbcPreparedStatement.<init>(JdbcPreparedStatement.java:76) ~[h2-1.4.200.jar:1.4.200]
	at org.h2.jdbc.JdbcConnection.prepareStatement(JdbcConnection.java:352) ~[h2-1.4.200.jar:1.4.200]
	at com.zaxxer.hikari.pool.ProxyConnection.prepareStatement(ProxyConnection.java:337) ~[HikariCP-4.0.3.jar:?]
	at com.zaxxer.hikari.pool.HikariProxyConnection.prepareStatement(HikariProxyConnection.java) ~[HikariCP-4.0.3.jar:?]
	at jdk.internal.reflect.GeneratedMethodAccessor86.invoke(Unknown Source) ~[?:?]
	at jdk.internal.reflect.DelegatingMethodAccessorImpl.invoke(DelegatingMethodAccessorImpl.java:43) ~[?:?]
	at java.lang.reflect.Method.invoke(Method.java:568) ~[?:?]
	at org.springframework.jdbc.datasource.TransactionAwareDataSourceProxy$TransactionAwareInvocationHandler.invoke(TransactionAwareDataSourceProxy.java:238) ~[spring-jdbc-5.3.19.jar:5.3.19]
	at jdk.proxy2.$Proxy115.prepareStatement(Unknown Source) ~[?:?]
	at org.apache.ibatis.executor.statement.PreparedStatementHandler.instantiateStatement(PreparedStatementHandler.java:86) ~[mybatis-3.5.7.jar:3.5.7]
	at org.apache.ibatis.executor.statement.BaseStatementHandler.prepare(BaseStatementHandler.java:88) ~[mybatis-3.5.7.jar:3.5.7]
	at org.apache.ibatis.executor.statement.RoutingStatementHandler.prepare(RoutingStatementHandler.java:59) ~[mybatis-3.5.7.jar:3.5.7]
	at org.apache.ibatis.executor.SimpleExecutor.prepareStatement(SimpleExecutor.java:87) ~[mybatis-3.5.7.jar:3.5.7]
	at org.apache.ibatis.executor.SimpleExecutor.doQuery(SimpleExecutor.java:62) ~[mybatis-3.5.7.jar:3.5.7]
	at org.apache.ibatis.executor.BaseExecutor.queryFromDatabase(BaseExecutor.java:325) ~[mybatis-3.5.7.jar:3.5.7]
	at org.apache.ibatis.executor.BaseExecutor.query(BaseExecutor.java:156) ~[mybatis-3.5.7.jar:3.5.7]
	at org.apache.ibatis.executor.CachingExecutor.query(CachingExecutor.java:109) ~[mybatis-3.5.7.jar:3.5.7]
	at org.apache.ibatis.executor.CachingExecutor.query(CachingExecutor.java:89) ~[mybatis-3.5.7.jar:3.5.7]
	at org.apache.ibatis.session.defaults.DefaultSqlSession.selectList(DefaultSqlSession.java:151) ~[mybatis-3.5.7.jar:3.5.7]
	... 43 more
2022-09-12 14:29:38,472 WARN o.s.b.f.s.DisposableBeanAdapter [SpringApplicationShutdownHook] Custom destroy method 'shutdown' on bean with name 'processAsyncExecutor' threw an exception: org.apache.ibatis.exceptions.PersistenceException: 
### Error querying database.  Cause: org.h2.jdbc.JdbcSQLSyntaxErrorException: Table "ACT_RU_JOB" not found; SQL statement:
SELECT RES.*  
         
        from ACT_RU_JOB RES
         WHERE  RES.LOCK_OWNER_ = ? 
     
        order by RES.ID_ asc [42102-200]
### The error may exist in org/flowable/job/service/db/mapping/entity/Job.xml
### The error may involve org.flowable.job.service.impl.persistence.entity.JobEntityImpl.selectJobByQueryCriteria
### The error occurred while executing a query
### SQL: SELECT RES.*                     from ACT_RU_JOB RES          WHERE  RES.LOCK_OWNER_ = ?                order by RES.ID_ asc
### Cause: org.h2.jdbc.JdbcSQLSyntaxErrorException: Table "ACT_RU_JOB" not found; SQL statement:
SELECT RES.*  
         
        from ACT_RU_JOB RES
         WHERE  RES.LOCK_OWNER_ = ? 
     
        order by RES.ID_ asc [42102-200]
2022-09-12 14:29:38,472 INFO o.s.o.j.AbstractEntityManagerFactoryBean [SpringApplicationShutdownHook] Closing JPA EntityManagerFactory for persistence unit 'default'
2022-09-12 14:29:38,473 INFO o.h.t.s.i.SchemaDropperImpl$DelayedDropActionImpl [SpringApplicationShutdownHook] HHH000477: Starting delayed evictData of schema as part of SessionFactory shut-down'
2022-09-12 14:29:38,475 INFO c.z.h.HikariDataSource [SpringApplicationShutdownHook] HikariPool-1 - Shutdown initiated...
2022-09-12 14:29:38,476 INFO c.z.h.HikariDataSource [SpringApplicationShutdownHook] HikariPool-1 - Shutdown completed.
